1623137061057	geckodriver	INFO	Listening on 127.0.0.1:49877
1623137064100	mozrunner::runner	INFO	Running command: "C:\\Program Files\\Firefox Developer Edition\\firefox.exe" "--marionette" "-foreground" "-no-remote" "-profile" "C:\\cygwin64\\tmp\\rust_mozprofileRknJ3b"
1623137065316	Marionette	INFO	Marionette enabled
console.warn: SearchSettings: "get: No settings file exists, new profile?" (new NotFoundError("Could not open the file at C:\\cygwin64\\tmp\\rust_mozprofileRknJ3b\\search.json.mozlz4", (void 0)))
1623137068804	Marionette	INFO	Listening on port 49886
1623137068943	Marionette	WARN	TLS certificate errors will be ignored for this session
SourceActor threw an exception: [Exception... "Component returned failure code: 0x80470002 (NS_BASE_STREAM_CLOSED) [nsIInputStream.available]"  nsresult: "0x80470002 (NS_BASE_STREAM_CLOSED)"  location: "JS frame :: resource://devtools/shared/DevToolsUtils.js :: onResponse :: line 567"  data: no]
Stack: onResponse@resource://devtools/shared/DevToolsUtils.js:567:34
onStopRequest@resource://gre/modules/NetUtil.jsm:128:18
Line: 567, column: 0
console.error: ({})
JavaScript error: resource://devtools/shared/DevToolsUtils.js, line 567: NS_BASE_STREAM_CLOSED: Component returned failure code: 0x80470002 (NS_BASE_STREAM_CLOSED) [nsIInputStream.available]
console.error: "Task cancelled"
console.warn: "Already stopped listening to websocket events for this window."
console.warn: "Already stopped listening to server sent events for this window."
Handler function threw an exception: [Exception... "Component returned failure code: 0x80040111 (NS_ERROR_NOT_AVAILABLE) [nsIHttpChannelInternal.remoteAddress]"  nsresult: "0x80040111 (NS_ERROR_NOT_AVAILABLE)"  location: "JS frame :: resource://devtools/server/actors/network-monitor/network-observer.js :: _onResponseHeader :: line 1043"  data: no]
Stack: _onResponseHeader@resource://devtools/server/actors/network-monitor/network-observer.js:1043:5
_dispatchActivity@resource://devtools/server/actors/network-monitor/network-observer.js:620:14
NetworkObserver.prototype.observeActivity<@resource://devtools/server/actors/network-monitor/network-observer.js:729:12
exports.makeInfallible/<@resource://devtools/shared/ThreadSafeDevToolsUtils.js:103:22
Line: 1043, column: 0
console.error: ({})
Handler function threw an exception: TypeError: can't access property "last" of undefined
Stack: _getWaitTiming@resource://devtools/server/actors/network-monitor/network-observer.js:1142:1
_setupHarTimings@resource://devtools/server/actors/network-monitor/network-observer.js:1367:28
_onTransactionClose@resource://devtools/server/actors/network-monitor/network-observer.js:1090:27
_dispatchActivity@resource://devtools/server/actors/network-monitor/network-observer.js:623:14
NetworkObserver.prototype.observeActivity<@resource://devtools/server/actors/network-monitor/network-observer.js:729:12
exports.makeInfallible/<@resource://devtools/shared/ThreadSafeDevToolsUtils.js:103:22
Line: 1142, column: 1
console.error: (new TypeError("can't access property \"last\" of undefined", "resource://devtools/server/actors/network-monitor/network-observer.js", 1142))
1623137295370	Marionette	WARN	Ignoring event 'pageshow' because document has an invalid readyState of 'uninitialized'.
Handler function threw an exception: [Exception... "Component returned failure code: 0x80040111 (NS_ERROR_NOT_AVAILABLE) [nsIHttpChannelInternal.remoteAddress]"  nsresult: "0x80040111 (NS_ERROR_NOT_AVAILABLE)"  location: "JS frame :: resource://devtools/server/actors/network-monitor/network-observer.js :: _onResponseHeader :: line 1043"  data: no]
Stack: _onResponseHeader@resource://devtools/server/actors/network-monitor/network-observer.js:1043:5
_dispatchActivity@resource://devtools/server/actors/network-monitor/network-observer.js:620:14
NetworkObserver.prototype.observeActivity<@resource://devtools/server/actors/network-monitor/network-observer.js:729:12
exports.makeInfallible/<@resource://devtools/shared/ThreadSafeDevToolsUtils.js:103:22
Line: 1043, column: 0
console.error: ({})
Handler function threw an exception: TypeError: can't access property "last" of undefined
Stack: _getWaitTiming@resource://devtools/server/actors/network-monitor/network-observer.js:1142:1
_setupHarTimings@resource://devtools/server/actors/network-monitor/network-observer.js:1367:28
_onTransactionClose@resource://devtools/server/actors/network-monitor/network-observer.js:1090:27
_dispatchActivity@resource://devtools/server/actors/network-monitor/network-observer.js:623:14
NetworkObserver.prototype.observeActivity<@resource://devtools/server/actors/network-monitor/network-observer.js:729:12
exports.makeInfallible/<@resource://devtools/shared/ThreadSafeDevToolsUtils.js:103:22
Line: 1142, column: 1
console.error: (new TypeError("can't access property \"last\" of undefined", "resource://devtools/server/actors/network-monitor/network-observer.js", 1142))
console.warn: services.settings: main/doh-config Signature verified failed. Retry from scratch
console.warn: services.settings: main/doh-providers Signature verified failed. Retry from scratch
1623137530063	Marionette	INFO	Stopped listening on port 49886

###!!! [Child][RunMessage] Error: Channel closing: too late to send/recv, messages will be lost


###!!! [Child][RunMessage] Error: Channel closing: too late to send/recv, messages will be lost

1623137549974	geckodriver	INFO	Listening on 127.0.0.1:58106
1623137553047	mozrunner::runner	INFO	Running command: "C:\\Program Files\\Firefox Developer Edition\\firefox.exe" "--marionette" "-foreground" "-no-remote" "-profile" "C:\\cygwin64\\tmp\\rust_mozprofileFeRxZu"
1623137553523	Marionette	INFO	Marionette enabled
console.warn: SearchSettings: "get: No settings file exists, new profile?" (new NotFoundError("Could not open the file at C:\\cygwin64\\tmp\\rust_mozprofileFeRxZu\\search.json.mozlz4", (void 0)))
1623137556357	Marionette	INFO	Listening on port 58115
1623137556759	Marionette	WARN	TLS certificate errors will be ignored for this session
1623137556762	Marionette	INFO	Proxy settings initialised: {"proxyType":"manual","httpProxy":"127.0.0.1:58105","noProxy":[],"sslProxy":"127.0.0.1:58105"}
Marionette threw an error: NotFoundError: WindowGlobalParent.getActor: No such JSWindowActor 'MarionetteCommands'
getMarionetteCommandsActorProxy/get/<@chrome://marionette/content/actors/MarionetteCommandsParent.jsm:324:65
unregisterCommandsActor@chrome://marionette/content/actors/MarionetteCommandsParent.jsm:388:15
GeckoDriver.prototype.deleteSession@chrome://marionette/content/driver.js:2251:3
onClosed@chrome://marionette/content/server.js:210:17
close@chrome://marionette/content/transport.js:225:18
onInputStreamReady@chrome://marionette/content/transport.js:379:14

JavaScript error: resource://gre/modules/AsyncShutdown.jsm, line 575: NotFoundError: No such JSWindowActor 'MarionetteEvents'
JavaScript error: resource://gre/modules/AsyncShutdown.jsm, line 575: NotFoundError: No such JSWindowActor 'MarionetteCommands'
JavaScript error: resource://gre/modules/Sqlite.jsm, line 1030: Error: Sqlite.jsm has been shutdown. Cannot open connection to: C:\cygwin64\tmp\rust_mozprofileFeRxZu\protections.sqlite
1623137558332	Marionette	INFO	Stopped listening on port 58115
1623137574811	geckodriver	INFO	Listening on 127.0.0.1:58173
1623137577915	mozrunner::runner	INFO	Running command: "C:\\Program Files\\Firefox Developer Edition\\firefox.exe" "--marionette" "-foreground" "-no-remote" "-profile" "C:\\cygwin64\\tmp\\rust_mozprofile2UhB88"
1623137578395	Marionette	INFO	Marionette enabled
console.warn: SearchSettings: "get: No settings file exists, new profile?" (new NotFoundError("Could not open the file at C:\\cygwin64\\tmp\\rust_mozprofile2UhB88\\search.json.mozlz4", (void 0)))
1623137581062	Marionette	INFO	Listening on port 58182
1623137581142	Marionette	WARN	TLS certificate errors will be ignored for this session
1623137581145	Marionette	INFO	Proxy settings initialised: {"proxyType":"manual","httpProxy":"127.0.0.1:58172","noProxy":[],"sslProxy":"127.0.0.1:58172"}
1623137626710	Marionette	WARN	Ignoring event 'pageshow' because document has an invalid readyState of 'uninitialized'.
JavaScript error: resource://devtools/server/actors/targets/browsing-context.js, line 1897: TypeError: can't access dead object
JavaScript error: resource://devtools/server/actors/targets/browsing-context.js, line 1897: TypeError: can't access dead object
JavaScript error: resource://devtools/server/actors/targets/browsing-context.js, line 1897: TypeError: can't access dead object
JavaScript error: resource://devtools/server/actors/targets/browsing-context.js, line 1897: TypeError: can't access dead object
console.warn: "Listener for event 'frame' did not return a promise."
console.error: (new TypeError("can't access property \"getFront\", container.node.targetFront is null", "resource://devtools/client/inspector/markup/markup.js", 2309))
1623138264716	Marionette	INFO	Stopped listening on port 58182

###!!! [Child][RunMessage] Error: Channel closing: too late to send/recv, messages will be lost

1623138270544	geckodriver	INFO	Listening on 127.0.0.1:59311
1623138273646	mozrunner::runner	INFO	Running command: "C:\\Program Files\\Firefox Developer Edition\\firefox.exe" "--marionette" "-foreground" "-no-remote" "-profile" "C:\\cygwin64\\tmp\\rust_mozprofileQMkrTD"
1623138274167	Marionette	INFO	Marionette enabled
console.warn: SearchSettings: "get: No settings file exists, new profile?" (new NotFoundError("Could not open the file at C:\\cygwin64\\tmp\\rust_mozprofileQMkrTD\\search.json.mozlz4", (void 0)))
1623138276918	Marionette	INFO	Listening on port 59320

###!!! [Child][MessageChannel] Error: (msgtype=0x390099,name=PContent::Msg_InitBackground) Channel closing: too late to send/recv, messages will be lost

1623138277371	Marionette	WARN	TLS certificate errors will be ignored for this session
1623138277374	Marionette	INFO	Proxy settings initialised: {"proxyType":"manual","httpProxy":"127.0.0.1:59310","noProxy":[],"sslProxy":"127.0.0.1:59310"}
1623138328107	Marionette	WARN	Ignoring event 'pageshow' because document has an invalid readyState of 'uninitialized'.
1623138341420	Marionette	INFO	Stopped listening on port 59320

###!!! [Parent][MessageChannel] Error: (msgtype=0x390079,name=PContent::Msg_DestroyBrowsingContextGroup) Closed channel: cannot send/recv


###!!! [Child][RunMessage] Error: Channel closing: too late to send/recv, messages will be lost


###!!! [Child][RunMessage] Error: Channel closing: too late to send/recv, messages will be lost


###!!! [Child][RunMessage] Error: Channel closing: too late to send/recv, messages will be lost

1623138451107	geckodriver	INFO	Listening on 127.0.0.1:55470
1623138454212	mozrunner::runner	INFO	Running command: "C:\\Program Files\\Firefox Developer Edition\\firefox.exe" "--marionette" "-foreground" "-no-remote" "-profile" "C:\\cygwin64\\tmp\\rust_mozprofilewgyWcS"
1623138454707	Marionette	INFO	Marionette enabled
console.warn: SearchSettings: "get: No settings file exists, new profile?" (new NotFoundError("Could not open the file at C:\\cygwin64\\tmp\\rust_mozprofilewgyWcS\\search.json.mozlz4", (void 0)))
1623138457893	Marionette	INFO	Listening on port 55479
1623138457919	Marionette	WARN	TLS certificate errors will be ignored for this session
1623138457922	Marionette	INFO	Proxy settings initialised: {"proxyType":"manual","httpProxy":"127.0.0.1:55469","noProxy":[],"sslProxy":"127.0.0.1:55469"}
1623138509566	Marionette	WARN	Ignoring event 'pageshow' because document has an invalid readyState of 'uninitialized'.
1623138577071	Marionette	INFO	Stopped listening on port 55479

###!!! [Child][MessageChannel] Error: (msgtype=0x590004,name=PHttpChannel::Msg_Cancel) Channel closing: too late to send/recv, messages will be lost


###!!! [Child][MessageChannel] Error: (msgtype=0x590008,name=PHttpChannel::Msg_DeletingChannel) Channel closing: too late to send/recv, messages will be lost


###!!! [Child][RunMessage] Error: Channel closing: too late to send/recv, messages will be lost


###!!! [Child][RunMessage] Error: Channel closing: too late to send/recv, messages will be lost


###!!! [Parent][MessageChannel] Error: (msgtype=0x390079,name=PContent::Msg_DestroyBrowsingContextGroup) Closed channel: cannot send/recv


###!!! [Child][RunMessage] Error: Channel closing: too late to send/recv, messages will be lost


###!!! [Child][RunMessage] Error: Channel closing: too late to send/recv, messages will be lost


###!!! [Child][RunMessage] Error: Channel closing: too late to send/recv, messages will be lost


###!!! [Child][RunMessage] Error: Channel closing: too late to send/recv, messages will be lost


###!!! [Child][RunMessage] Error: Channel closing: too late to send/recv, messages will be lost


###!!! [Child][RunMessage] Error: Channel closing: too late to send/recv, messages will be lost


###!!! [Child][RunMessage] Error: Channel closing: too late to send/recv, messages will be lost


###!!! [Child][RunMessage] Error: Channel closing: too late to send/recv, messages will be lost


###!!! [Child][RunMessage] Error: Channel closing: too late to send/recv, messages will be lost


###!!! [Child][RunMessage] Error: Channel closing: too late to send/recv, messages will be lost


###!!! [Child][RunMessage] Error: Channel closing: too late to send/recv, messages will be lost


###!!! [Child][RunMessage] Error: Channel closing: too late to send/recv, messages will be lost


###!!! [Child][RunMessage] Error: Channel closing: too late to send/recv, messages will be lost


###!!! [Child][RunMessage] Error: Channel closing: too late to send/recv, messages will be lost


###!!! [Child][RunMessage] Error: Channel closing: too late to send/recv, messages will be lost


###!!! [Child][RunMessage] Error: Channel closing: too late to send/recv, messages will be lost


###!!! [Child][RunMessage] Error: Channel closing: too late to send/recv, messages will be lost


###!!! [Child][RunMessage] Error: Channel closing: too late to send/recv, messages will be lost

1623138739276	geckodriver	INFO	Listening on 127.0.0.1:50235
1623138742326	mozrunner::runner	INFO	Running command: "C:\\Program Files\\Firefox Developer Edition\\firefox.exe" "--marionette" "-foreground" "-no-remote" "-profile" "C:\\cygwin64\\tmp\\rust_mozprofileWflGTU"
1623138742881	Marionette	INFO	Marionette enabled
console.warn: SearchSettings: "get: No settings file exists, new profile?" (new NotFoundError("Could not open the file at C:\\cygwin64\\tmp\\rust_mozprofileWflGTU\\search.json.mozlz4", (void 0)))
1623138745212	Marionette	INFO	Listening on port 50245
1623138745543	Marionette	WARN	TLS certificate errors will be ignored for this session
1623138745546	Marionette	INFO	Proxy settings initialised: {"proxyType":"manual","httpProxy":"127.0.0.1:50234","noProxy":[],"sslProxy":"127.0.0.1:50234"}
JavaScript error: , line 0: uncaught exception: Object
1623138910717	Marionette	WARN	Ignoring event 'pageshow' because document has an invalid readyState of 'uninitialized'.
1623139100813	Marionette	INFO	Stopped listening on port 50245

###!!! [Parent][MessageChannel] Error: (msgtype=0x390079,name=PContent::Msg_DestroyBrowsingContextGroup) Closed channel: cannot send/recv


###!!! [Child][RunMessage] Error: Channel closing: too late to send/recv, messages will be lost


###!!! [Child][RunMessage] Error: Channel closing: too late to send/recv, messages will be lost


###!!! [Child][RunMessage] Error: Channel closing: too late to send/recv, messages will be lost

1623139129694	geckodriver	INFO	Listening on 127.0.0.1:49383
1623139132784	mozrunner::runner	INFO	Running command: "C:\\Program Files\\Firefox Developer Edition\\firefox.exe" "--marionette" "-foreground" "-no-remote" "-profile" "C:\\cygwin64\\tmp\\rust_mozprofileM49pMn"
1623139133289	Marionette	INFO	Marionette enabled
console.warn: SearchSettings: "get: No settings file exists, new profile?" (new NotFoundError("Could not open the file at C:\\cygwin64\\tmp\\rust_mozprofileM49pMn\\search.json.mozlz4", (void 0)))
1623139135828	Marionette	INFO	Listening on port 49391

###!!! [Child][MessageChannel] Error: (msgtype=0x390099,name=PContent::Msg_InitBackground) Channel closing: too late to send/recv, messages will be lost

1623139136020	Marionette	WARN	TLS certificate errors will be ignored for this session
1623139136023	Marionette	INFO	Proxy settings initialised: {"proxyType":"manual","httpProxy":"127.0.0.1:49382","noProxy":[],"sslProxy":"127.0.0.1:49382"}
1623139180795	Marionette	WARN	Ignoring event 'pageshow' because document has an invalid readyState of 'uninitialized'.
SourceActor threw an exception: [Exception... "Component returned failure code: 0x80470002 (NS_BASE_STREAM_CLOSED) [nsIInputStream.available]"  nsresult: "0x80470002 (NS_BASE_STREAM_CLOSED)"  location: "JS frame :: resource://devtools/shared/DevToolsUtils.js :: onResponse :: line 567"  data: no]
Stack: onResponse@resource://devtools/shared/DevToolsUtils.js:567:34
onStopRequest@resource://gre/modules/NetUtil.jsm:128:18
Line: 567, column: 0
console.error: ({})
JavaScript error: resource://devtools/shared/DevToolsUtils.js, line 567: NS_BASE_STREAM_CLOSED: Component returned failure code: 0x80470002 (NS_BASE_STREAM_CLOSED) [nsIInputStream.available]
1623139505878	Marionette	INFO	Stopped listening on port 49391

###!!! [Child][RunMessage] Error: Channel closing: too late to send/recv, messages will be lost


###!!! [Child][RunMessage] Error: Channel closing: too late to send/recv, messages will be lost

1623139643427	geckodriver	INFO	Listening on 127.0.0.1:54501
1623139646497	mozrunner::runner	INFO	Running command: "C:\\Program Files\\Firefox Developer Edition\\firefox.exe" "--marionette" "-foreground" "-no-remote" "-profile" "C:\\cygwin64\\tmp\\rust_mozprofileUonmBe"
1623139647185	Marionette	INFO	Marionette enabled
console.warn: SearchSettings: "get: No settings file exists, new profile?" (new NotFoundError("Could not open the file at C:\\cygwin64\\tmp\\rust_mozprofileUonmBe\\search.json.mozlz4", (void 0)))
1623139649685	Marionette	INFO	Listening on port 54513
1623139649716	Marionette	WARN	TLS certificate errors will be ignored for this session
1623139649720	Marionette	INFO	Proxy settings initialised: {"proxyType":"manual","httpProxy":"127.0.0.1:54499","noProxy":[],"sslProxy":"127.0.0.1:54499"}
1623139695286	Marionette	WARN	Ignoring event 'pageshow' because document has an invalid readyState of 'uninitialized'.
1623139707377	Marionette	INFO	Stopped listening on port 54513

###!!! [Child][MessageChannel] Error: (msgtype=0x590004,name=PHttpChannel::Msg_Cancel) Channel closing: too late to send/recv, messages will be lost


###!!! [Parent][MessageChannel] Error: (msgtype=0x390079,name=PContent::Msg_DestroyBrowsingContextGroup) Closed channel: cannot send/recv


###!!! [Child][MessageChannel] Error: (msgtype=0x590008,name=PHttpChannel::Msg_DeletingChannel) Channel closing: too late to send/recv, messages will be lost


###!!! [Child][RunMessage] Error: Channel closing: too late to send/recv, messages will be lost

1623139718714	geckodriver	INFO	Listening on 127.0.0.1:59623
1623139721804	mozrunner::runner	INFO	Running command: "C:\\Program Files\\Firefox Developer Edition\\firefox.exe" "--marionette" "-foreground" "-no-remote" "-profile" "C:\\cygwin64\\tmp\\rust_mozprofileFHfGb6"
1623139722272	Marionette	INFO	Marionette enabled
console.warn: SearchSettings: "get: No settings file exists, new profile?" (new NotFoundError("Could not open the file at C:\\cygwin64\\tmp\\rust_mozprofileFHfGb6\\search.json.mozlz4", (void 0)))
1623139724851	Marionette	INFO	Listening on port 59632
1623139725721	Marionette	WARN	TLS certificate errors will be ignored for this session
1623139725725	Marionette	INFO	Proxy settings initialised: {"proxyType":"manual","httpProxy":"127.0.0.1:59622","noProxy":[],"sslProxy":"127.0.0.1:59622"}
1623140541287	geckodriver	INFO	Listening on 127.0.0.1:50640
1623140544381	mozrunner::runner	INFO	Running command: "C:\\Program Files\\Firefox Developer Edition\\firefox.exe" "--marionette" "-foreground" "-no-remote" "-profile" "C:\\cygwin64\\tmp\\rust_mozprofiler3ZeeH"
1623140544831	Marionette	INFO	Marionette enabled
console.warn: SearchSettings: "get: No settings file exists, new profile?" (new NotFoundError("Could not open the file at C:\\cygwin64\\tmp\\rust_mozprofiler3ZeeH\\search.json.mozlz4", (void 0)))
1623140547391	Marionette	INFO	Listening on port 50649

###!!! [Child][MessageChannel] Error: (msgtype=0x390099,name=PContent::Msg_InitBackground) Channel closing: too late to send/recv, messages will be lost

1623140547566	Marionette	WARN	TLS certificate errors will be ignored for this session
1623140547569	Marionette	INFO	Proxy settings initialised: {"proxyType":"manual","httpProxy":"127.0.0.1:50639","noProxy":[],"sslProxy":"127.0.0.1:50639"}
1623140574286	Marionette	WARN	Ignoring event 'pageshow' because document has an invalid readyState of 'uninitialized'.
1623140594537	Marionette	INFO	Stopped listening on port 50649
1623140599850	geckodriver	INFO	Listening on 127.0.0.1:56463
1623140602932	mozrunner::runner	INFO	Running command: "C:\\Program Files\\Firefox Developer Edition\\firefox.exe" "--marionette" "-foreground" "-no-remote" "-profile" "C:\\cygwin64\\tmp\\rust_mozprofile1V8noo"
1623140603376	Marionette	INFO	Marionette enabled
console.warn: SearchSettings: "get: No settings file exists, new profile?" (new NotFoundError("Could not open the file at C:\\cygwin64\\tmp\\rust_mozprofile1V8noo\\search.json.mozlz4", (void 0)))
1623140605957	Marionette	INFO	Listening on port 56472

###!!! [Child][MessageChannel] Error: (msgtype=0x390099,name=PContent::Msg_InitBackground) Channel closing: too late to send/recv, messages will be lost

1623140606833	Marionette	WARN	TLS certificate errors will be ignored for this session
1623140606837	Marionette	INFO	Proxy settings initialised: {"proxyType":"manual","httpProxy":"127.0.0.1:56462","noProxy":[],"sslProxy":"127.0.0.1:56462"}
1623140681894	geckodriver	INFO	Listening on 127.0.0.1:52291
1623140684988	mozrunner::runner	INFO	Running command: "C:\\Program Files\\Firefox Developer Edition\\firefox.exe" "--marionette" "-foreground" "-no-remote" "-profile" "C:\\cygwin64\\tmp\\rust_mozprofileSdtI0i"
1623140685406	Marionette	INFO	Marionette enabled
console.warn: SearchSettings: "get: No settings file exists, new profile?" (new NotFoundError("Could not open the file at C:\\cygwin64\\tmp\\rust_mozprofileSdtI0i\\search.json.mozlz4", (void 0)))
1623140688154	Marionette	INFO	Listening on port 59196
1623140688672	Marionette	WARN	TLS certificate errors will be ignored for this session
1623140688675	Marionette	INFO	Proxy settings initialised: {"proxyType":"manual","httpProxy":"127.0.0.1:52290","noProxy":[],"sslProxy":"127.0.0.1:52290"}
console.error: "Task cancelled"
SourceActor threw an exception: Error: Failed to fetch https://www.instagram.com/static/bundles/es6/LoginAndSignupPage.js/8a0b7236e203.js. Code 2147500036.
Stack: onResponse@resource://devtools/shared/DevToolsUtils.js:556:16
onStopRequest@resource://gre/modules/NetUtil.jsm:128:18
Line: 556, column: 16
console.error: (new Error("Failed to fetch https://www.instagram.com/static/bundles/es6/LoginAndSignupPage.js/8a0b7236e203.js. Code 2147500036.", "resource://devtools/shared/DevToolsUtils.js", 556))

###!!! [Child][MessageChannel] Error: (msgtype=0x590008,name=PHttpChannel::Msg_DeletingChannel) Channel closing: too late to send/recv, messages will be lost

SourceActor threw an exception: Error: Failed to fetch https://www.instagram.com/static/bundles/es6/ConsumerAsyncCommons.js/c4ca4238a0b9.js. Code 2147500036.
Stack: onResponse@resource://devtools/shared/DevToolsUtils.js:556:16
onStopRequest@resource://gre/modules/NetUtil.jsm:128:18
Line: 556, column: 16
console.error: (new Error("Failed to fetch https://www.instagram.com/static/bundles/es6/ConsumerAsyncCommons.js/c4ca4238a0b9.js. Code 2147500036.", "resource://devtools/shared/DevToolsUtils.js", 556))

###!!! [Child][MessageChannel] Error: (msgtype=0x390144,name=PContent::Msg_ReportFrameTimingData) Channel closing: too late to send/recv, messages will be lost


###!!! [Child][MessageChannel] Error: (msgtype=0x590008,name=PHttpChannel::Msg_DeletingChannel) Channel closing: too late to send/recv, messages will be lost

SourceActor threw an exception: Error: Failed to fetch https://www.instagram.com/accounts/login/. Code 2147500036.
Stack: onResponse@resource://devtools/shared/DevToolsUtils.js:556:16
onStopRequest@resource://gre/modules/NetUtil.jsm:128:18
Line: 556, column: 16
console.error: (new Error("Failed to fetch https://www.instagram.com/accounts/login/. Code 2147500036.", "resource://devtools/shared/DevToolsUtils.js", 556))

###!!! [Child][RunMessage] Error: Channel closing: too late to send/recv, messages will be lost


###!!! [Child][RunMessage] Error: Channel closing: too late to send/recv, messages will be lost


###!!! [Child][RunMessage] Error: Channel closing: too late to send/recv, messages will be lost


###!!! [Child][RunMessage] Error: Channel closing: too late to send/recv, messages will be lost


###!!! [Child][RunMessage] Error: Channel closing: too late to send/recv, messages will be lost

1623140950377	Marionette	INFO	Stopped listening on port 59196

###!!! [Child][RunMessage] Error: Channel closing: too late to send/recv, messages will be lost


###!!! [Child][RunMessage] Error: Channel closing: too late to send/recv, messages will be lost

1623141020762	geckodriver	INFO	Listening on 127.0.0.1:61261
1623141023848	mozrunner::runner	INFO	Running command: "C:\\Program Files\\Firefox Developer Edition\\firefox.exe" "--marionette" "-foreground" "-no-remote" "-profile" "C:\\cygwin64\\tmp\\rust_mozprofileYCKChE"
1623141024310	Marionette	INFO	Marionette enabled
console.warn: SearchSettings: "get: No settings file exists, new profile?" (new NotFoundError("Could not open the file at C:\\cygwin64\\tmp\\rust_mozprofileYCKChE\\search.json.mozlz4", (void 0)))
1623141026882	Marionette	INFO	Listening on port 61269
1623141027020	Marionette	WARN	TLS certificate errors will be ignored for this session
1623141027024	Marionette	INFO	Proxy settings initialised: {"proxyType":"manual","httpProxy":"127.0.0.1:61260","noProxy":[],"sslProxy":"127.0.0.1:61260"}
1623141073454	Marionette	WARN	Ignoring event 'pageshow' because document has an invalid readyState of 'uninitialized'.
JavaScript error: , line 0: uncaught exception: Object
JavaScript error: https://www.instagram.com/static/bundles/es6/ConsumerLibCommons.js/59cccc379c94.js, line 64: AjaxError: 
1623141183552	geckodriver	INFO	Listening on 127.0.0.1:59092
1623141186647	mozrunner::runner	INFO	Running command: "C:\\Program Files\\Firefox Developer Edition\\firefox.exe" "--marionette" "-foreground" "-no-remote" "-profile" "C:\\cygwin64\\tmp\\rust_mozprofilepY8sEh"
1623141187095	Marionette	INFO	Marionette enabled
console.warn: SearchSettings: "get: No settings file exists, new profile?" (new NotFoundError("Could not open the file at C:\\cygwin64\\tmp\\rust_mozprofilepY8sEh\\search.json.mozlz4", (void 0)))
1623141189430	Marionette	INFO	Listening on port 59101
1623141189825	Marionette	WARN	TLS certificate errors will be ignored for this session
1623141189828	Marionette	INFO	Proxy settings initialised: {"proxyType":"manual","httpProxy":"127.0.0.1:59091","noProxy":[],"sslProxy":"127.0.0.1:59091"}
SourceActor threw an exception: [Exception... "Component returned failure code: 0x80470002 (NS_BASE_STREAM_CLOSED) [nsIInputStream.available]"  nsresult: "0x80470002 (NS_BASE_STREAM_CLOSED)"  location: "JS frame :: resource://devtools/shared/DevToolsUtils.js :: onResponse :: line 567"  data: no]
Stack: onResponse@resource://devtools/shared/DevToolsUtils.js:567:34
onStopRequest@resource://gre/modules/NetUtil.jsm:128:18
Line: 567, column: 0
console.error: ({})
JavaScript error: resource://devtools/shared/DevToolsUtils.js, line 567: NS_BASE_STREAM_CLOSED: Component returned failure code: 0x80470002 (NS_BASE_STREAM_CLOSED) [nsIInputStream.available]
1623141338651	Marionette	INFO	Stopped listening on port 59101

###!!! [Parent][MessageChannel] Error: (msgtype=0x390079,name=PContent::Msg_DestroyBrowsingContextGroup) Closed channel: cannot send/recv

1623141435131	geckodriver	INFO	Listening on 127.0.0.1:62840
1623141438236	mozrunner::runner	INFO	Running command: "C:\\Program Files\\Firefox Developer Edition\\firefox.exe" "--marionette" "-foreground" "-no-remote" "-profile" "C:\\cygwin64\\tmp\\rust_mozprofileIXYH7Q"
1623141438685	Marionette	INFO	Marionette enabled
console.warn: SearchSettings: "get: No settings file exists, new profile?" (new NotFoundError("Could not open the file at C:\\cygwin64\\tmp\\rust_mozprofileIXYH7Q\\search.json.mozlz4", (void 0)))
1623141441246	Marionette	INFO	Listening on port 62849

###!!! [Child][MessageChannel] Error: (msgtype=0x390099,name=PContent::Msg_InitBackground) Channel closing: too late to send/recv, messages will be lost


###!!! [Child][MessageChannel] Error: (msgtype=0x390099,name=PContent::Msg_InitBackground) Channel closing: too late to send/recv, messages will be lost

1623141441425	Marionette	WARN	TLS certificate errors will be ignored for this session
1623141441428	Marionette	INFO	Proxy settings initialised: {"proxyType":"manual","httpProxy":"127.0.0.1:62839","noProxy":[],"sslProxy":"127.0.0.1:62839"}
1623141520551	Marionette	INFO	Stopped listening on port 62849

###!!! [Child][MessageChannel] Error: (msgtype=0x590008,name=PHttpChannel::Msg_DeletingChannel) Channel closing: too late to send/recv, messages will be lost


###!!! [Parent][MessageChannel] Error: (msgtype=0x390079,name=PContent::Msg_DestroyBrowsingContextGroup) Closed channel: cannot send/recv


###!!! [Child][MessageChannel] Error: (msgtype=0x590008,name=PHttpChannel::Msg_DeletingChannel) Channel closing: too late to send/recv, messages will be lost


###!!! [Child][MessageChannel] Error: (msgtype=0x590007,name=PHttpChannel::Msg_RemoveCorsPreflightCacheEntry) Channel closing: too late to send/recv, messages will be lost


###!!! [Child][MessageChannel] Error: (msgtype=0x590008,name=PHttpChannel::Msg_DeletingChannel) Channel closing: too late to send/recv, messages will be lost


###!!! [Child][MessageChannel] Error: (msgtype=0x590007,name=PHttpChannel::Msg_RemoveCorsPreflightCacheEntry) Channel closing: too late to send/recv, messages will be lost


###!!! [Child][MessageChannel] Error: (msgtype=0x590008,name=PHttpChannel::Msg_DeletingChannel) Channel closing: too late to send/recv, messages will be lost


###!!! [Child][RunMessage] Error: Channel closing: too late to send/recv, messages will be lost


###!!! [Child][RunMessage] Error: Channel closing: too late to send/recv, messages will be lost


###!!! [Child][RunMessage] Error: Channel closing: too late to send/recv, messages will be lost

1623141560017	geckodriver	INFO	Listening on 127.0.0.1:59238
1623141563102	mozrunner::runner	INFO	Running command: "C:\\Program Files\\Firefox Developer Edition\\firefox.exe" "--marionette" "-foreground" "-no-remote" "-profile" "C:\\cygwin64\\tmp\\rust_mozprofileC0fn2l"
1623141563548	Marionette	INFO	Marionette enabled
console.warn: SearchSettings: "get: No settings file exists, new profile?" (new NotFoundError("Could not open the file at C:\\cygwin64\\tmp\\rust_mozprofileC0fn2l\\search.json.mozlz4", (void 0)))
1623141566359	Marionette	INFO	Listening on port 59247
1623141566791	Marionette	WARN	TLS certificate errors will be ignored for this session
1623141566795	Marionette	INFO	Proxy settings initialised: {"proxyType":"manual","httpProxy":"127.0.0.1:59237","noProxy":[],"sslProxy":"127.0.0.1:59237"}
1623141729039	Marionette	INFO	Stopped listening on port 59247

###!!! [Parent][MessageChannel] Error: (msgtype=0x390079,name=PContent::Msg_DestroyBrowsingContextGroup) Closed channel: cannot send/recv


###!!! [Child][RunMessage] Error: Channel closing: too late to send/recv, messages will be lost


###!!! [Child][RunMessage] Error: Channel closing: too late to send/recv, messages will be lost

1623141737622	geckodriver	INFO	Listening on 127.0.0.1:62538
1623141740722	mozrunner::runner	INFO	Running command: "C:\\Program Files\\Firefox Developer Edition\\firefox.exe" "--marionette" "-foreground" "-no-remote" "-profile" "C:\\cygwin64\\tmp\\rust_mozprofile7oCIcm"
1623141741166	Marionette	INFO	Marionette enabled
console.warn: SearchSettings: "get: No settings file exists, new profile?" (new NotFoundError("Could not open the file at C:\\cygwin64\\tmp\\rust_mozprofile7oCIcm\\search.json.mozlz4", (void 0)))
1623141743742	Marionette	INFO	Listening on port 62548
1623141743922	Marionette	WARN	TLS certificate errors will be ignored for this session
1623141743925	Marionette	INFO	Proxy settings initialised: {"proxyType":"manual","httpProxy":"127.0.0.1:62537","noProxy":[],"sslProxy":"127.0.0.1:62537"}
1623141790986	Marionette	WARN	Ignoring event 'pageshow' because document has an invalid readyState of 'uninitialized'.
JavaScript error: , line 0: uncaught exception: Object
1623243316992	geckodriver	INFO	Listening on 127.0.0.1:49407
1623243320062	mozrunner::runner	INFO	Running command: "C:\\Program Files\\Firefox Developer Edition\\firefox.exe" "--marionette" "-foreground" "-no-remote" "-profile" "C:\\Users\\DOWNLO~1\\AppData\\Local\\Temp\\rust_mozprofilexDU02A"
1623243320525	Marionette	INFO	Marionette enabled
console.warn: SearchSettings: "get: No settings file exists, new profile?" (new NotFoundError("Could not open the file at C:\\Users\\downloadman\\AppData\\Local\\Temp\\rust_mozprofilexDU02A\\search.json.mozlz4", (void 0)))
1623243322352	Marionette	INFO	Listening on port 49415
1623243322733	Marionette	WARN	TLS certificate errors will be ignored for this session
1623243334149	Marionette	INFO	Stopped listening on port 49415

###!!! [Child][RunMessage] Error: Channel closing: too late to send/recv, messages will be lost


###!!! [Child][RunMessage] Error: Channel closing: too late to send/recv, messages will be lost

1623243388646	geckodriver	INFO	Listening on 127.0.0.1:49507
1623243391699	mozrunner::runner	INFO	Running command: "C:\\Program Files\\Firefox Developer Edition\\firefox.exe" "--marionette" "-foreground" "-no-remote" "-profile" "C:\\Users\\DOWNLO~1\\AppData\\Local\\Temp\\rust_mozprofilet8TluC"
1623243392065	Marionette	INFO	Marionette enabled
console.warn: SearchSettings: "get: No settings file exists, new profile?" (new NotFoundError("Could not open the file at C:\\Users\\downloadman\\AppData\\Local\\Temp\\rust_mozprofilet8TluC\\search.json.mozlz4", (void 0)))
1623243393940	Marionette	INFO	Listening on port 49515
1623243394359	Marionette	WARN	TLS certificate errors will be ignored for this session
1623243489240	Marionette	INFO	Stopped listening on port 49515
3243487557	mozrunner::runner	INFO	Running command: "C:\\Program Files\\Firefox Developer Edition\\firefox.exe" "--marionette" "-foreground" "-no-remote" "-profile" "C:\\Users\\DOWNLO~1\\AppData\\Local\\Temp\\rust_mozprofilehJ4pEI"
1623243487854	Marionette	INFO	Marionette enabled
console.warn: SearchSettings: "get: No settings file exists, new profile?" (new NotFoundError("Could not open the file at C:\\Users\\downloadman\\AppData\\Local\\Temp\\rust_mozprofilehJ4pEI\\search.json.mozlz4", (void 0)))
1623243489470	Marionette	INFO	Listening on port 61800
1623243489616	Marionette	WARN	TLS certificate errors will be ignored for this session
console.warn: services.settings: main/doh-config Signature verified failed. Retry from scratch
console.warn: services.settings: main/doh-providers Signature verified failed. Retry from scratch
1623243978115	Marionette	INFO	Stopped listening on port 61800

###!!! [Child][RunMessage] Error: Channel closing: too late to send/recv, messages will be lost

earchSettings: "get: No settings file exists, new profile?" (new NotFoundError("Could not open the file at C:\\Users\\downloadman\\AppData\\Local\\Temp\\rust_mozprofileASjC0h\\search.json.mozlz4", (void 0)))
1623243595985	Marionette	INFO	Listening on port 61925
1623243596476	Marionette	WARN	TLS certificate errors will be ignored for this session
1623243731417	Marionette	INFO	Stopped listening on port 61925

###!!! [Child][RunMessage] Error: Channel closing: too late to send/recv, messages will be lost

1623251792420	geckodriver	INFO	Listening on 127.0.0.1:54669
1623251795501	mozrunner::runner	INFO	Running command: "C:\\Program Files\\Firefox Developer Edition\\firefox.exe" "--marionette" "-foreground" "-no-remote" "-profile" "C:\\Users\\DOWNLO~1\\AppData\\Local\\Temp\\rust_mozprofile47jNkE"
1623251871699	geckodriver	INFO	Listening on 127.0.0.1:57073
1623251874788	mozrunner::runner	INFO	Running command: "C:\\Program Files\\Firefox Developer Edition\\firefox.exe" "--marionette" "-foreground" "-no-remote" "-profile" "C:\\Users\\DOWNLO~1\\AppData\\Local\\Temp\\rust_mozprofilegfaYX1"
1623251875100	Marionette	INFO	Marionette enabled
console.warn: SearchSettings: "get: No settings file exists, new profile?" (new NotFoundError("Could not open the file at C:\\Users\\downloadman\\AppData\\Local\\Temp\\rust_mozprofilegfaYX1\\search.json.mozlz4", (void 0)))
1623251876874	Marionette	INFO	Listening on port 57083
1623251876938	Marionette	WARN	TLS certificate errors will be ignored for this session

###!!! [Child][RunMessage] Error: Channel closing: too lat1623252080747	mozrunner::runner	INFO	Running command: "C:\\Program Files\\Firefox Developer Edition\\firefox.exe" "--marionette" "-foreground" "-no-remote" "-profile" "C:\\Users\\DOWNLO~1\\AppData\\Local\\Temp\\rust_mozprofileq3kdHC"
1623252081053	Marionette	INFO	Marionette enabled
console.warn: SearchSettings: "get: No settings file exists, new profile?" (new NotFoundError("Could not open the file at C:\\Users\\downloadman\\AppData\\Local\\Temp\\rust_mozprofileq3kdHC\\search.json.mozlz4", (void 0)))
1623252083347	Marionette	INFO	Listening on port 57221
1623252083393	Marionette	WARN	TLS certificate errors will be ignored for this session
1623252131972	geckodriver	INFO	Listening on 127.0.0.1:64952
1623252135040	mozrunner::runner	INFO	Running command: "C:\\Program Files\\Firefox Developer Edition\\firefox.exe" "--marionette" "-foreground" "-no-remote" "-profile" "C:\\Users\\DOWNLO~1\\AppData\\Local\\Temp\\rust_mozprofileDnGeM9"
1623252135367	Marionette	INFO	Marionette enabled
console.warn: SearchSettings: "get: No settings file exists, new profile?" (new NotFoundError("Could not open the file at C:\\Users\\downloadman\\AppData\\Local\\Temp\\rust_mozprofileDnGeM9\\search.json.mozlz4", (void 0)))
1623252137173	Marionette	INFO	Listening on port 64960
1623252137204	Marionette	WARN	TLS certificate errors will be ignored for this session
console.error: Region.jsm: "Error fetching region" (new TypeError("NetworkError when attempting to fetch resource.", ""))
console.error: Region.jsm: "Failed to fetch region" (new Error("NO_RESULT", "resource://gre/modules/Region.jsm", 419))

###!!! [Parent][MessageChannel] Error: (msgtype=0x390079,name=PContent::Msg_DestroyBrowsingContextGroup) Closed channel: cannot send/recv

JavaScript error: resource://gre/modules/Sqlite.jsm, line 1030: Error: Sqlite.jsm has been shutdown. Cannot open connection to: C:\Users\downloadman\AppData\Local\Temp\rust_mozprofileDnGeM9\protections.sqlite
1623252140231	Marionette	INFO	Stopped listening on port 64960

###!!! [Child][RunMessage] Error: Channel closing: too late to send/recv, messages will be lost

1623252158490	geckodriver	INFO	Listening on 127.0.0.1:65005
1623252161568	mozrunner::runner	INFO	Running command: "C:\\Program Files\\Firefox Developer Edition\\firefox.exe" "--marionette" "-foreground" "-no-remote" "-profile" "C:\\Users\\DOWNLO~1\\AppData\\Local\\Temp\\rust_mozprofilejiP7bv"
1623252161888	Marionette	INFO	Marionette enabled
console.warn: SearchSettings: "get: No settings file exists, new profile?" (new NotFoundError("Could not open the file at C:\\Users\\downloadman\\AppData\\Local\\Temp\\rust_mozprofilejiP7bv\\search.json.mozlz4", (void 0)))
1623252163743	Marionette	INFO	Listening on port 65013
1623252164233	Marionette	WARN	TLS certificate errors will be ignored for this session
1623252204144	geckodriver	INFO	Listening on 127.0.0.1:65096
1623252207234	mozrunner::runner	INFO	Running command: "C:\\Program Files\\Firefox Developer Edition\\firefox.exe" "--marionette" "-foreground" "-no-remote" "-profile" "C:\\Users\\DOWNLO~1\\AppData\\Local\\Temp\\rust_mozprofileLiMJ8B"
1623252207553	Marionette	INFO	Marionette enabled
console.warn: SearchSettings: "get: No settings file exists, new profile?" (new NotFoundError("Could not open the file at C:\\Users\\downloadman\\AppData\\Local\\Temp\\rust_mozprofileLiMJ8B\\search.json.mozlz4", (void 0)))
1623252209369	Marionette	INFO	Listening on port 65106
1623252209387	Marionette	WARN	TLS certificate errors will be ignored for this session
1623252233976	geckodriver	INFO	Listening on 127.0.0.1:65203
1623252237036	mozrunner::runner	INFO	Running command: "C:\\Program Files\\Firefox Developer Edition\\firefox.exe" "--marionette" "-foreground" "-no-remote" "-profile" "C:\\Users\\DOWNLO~1\\AppData\\Local\\Temp\\rust_mozprofileKEiJh8"
1623252237345	Marionette	INFO	Marionette enabled
console.warn: SearchSettings: "get: No settings file exists, new profile?" (new NotFoundError("Could not open the file at C:\\Users\\downloadman\\AppData\\Local\\Temp\\rust_mozprofileKEiJh8\\search.json.mozlz4", (void 0)))
1623252239179	Marionette	INFO	Listening on port 65213
1623252239685	Marionette	WARN	TLS certificate errors will be ignored for this session
console.warn: services.settings: main/doh-config Signature verified failed. Retry from scratch
console.warn: services.settings: main/doh-providers Signature verified failed. Retry from scratch
1623252890800	geckodriver	INFO	Listening on 127.0.0.1:53123
1623252893894	mozrunner::runner	INFO	Running command: "C:\\Program Files\\Firefox Developer Edition\\firefox.exe" "--marionette" "-foreground" "-no-remote" "-profile" "C:\\Users\\DOWNLO~1\\AppData\\Local\\Temp\\rust_mozprofilexfCl1B"
1623252894217	Marionette	INFO	Marionette enabled
console.warn: SearchSettings: "get: No settings file exists, new profile?" (new NotFoundError("Could not open the file at C:\\Users\\downloadman\\AppData\\Local\\Temp\\rust_mozprofilexfCl1B\\search.json.mozlz4", (void 0)))
1623252896108	Marionette	INFO	Listening on port 53131
1623252896569	Marionette	WARN	TLS certificate errors will be ignored for this session
console.warn: services.settings: main/doh-config Signature verified failed. Retry from scratch
console.warn: services.settings: main/doh-providers Signature verified failed. Retry from scratch
JavaScript error: , line 0: NS_ERROR_NOT_AVAILABLE
1623257852709	Marionette	INFO	Stopped listening on port 53131

###!!! [Child][RunMessage] Error: Channel closing: too late to send/recv, messages will be lost

1623257868853	geckodriver	INFO	Listening on 127.0.0.1:51632
1623257871938	mozrunner::runner	INFO	Running command: "C:\\Program Files\\Firefox Developer Edition\\firefox.exe" "--marionette" "-foreground" "-no-remote" "-profile" "C:\\Users\\DOWNLO~1\\AppData\\Local\\Temp\\rust_mozprofile542bkd"
1623257872337	Marionette	INFO	Marionette enabled
console.warn: SearchSettings: "get: No settings file exists, new profile?" (new NotFoundError("Could not open the file at C:\\Users\\downloadman\\AppData\\Local\\Temp\\rust_mozprofile542bkd\\search.json.mozlz4", (void 0)))
1623257874256	Marionette	INFO	Listening on port 51641
1623257874591	Marionette	WARN	TLS certificate errors will be ignored for this session
console.warn: services.settings: main/doh-config Signature verified failed. Retry from scratch
console.warn: services.settings: main/doh-providers Signature verified failed. Retry from scratch
1623258352235	Marionette	INFO	Stopped listening on port 51641

###!!! [Child][RunMessage] Error: Channel closing: too late to send/recv, messages will be lost

1623258367305	geckodriver	INFO	Listening on 127.0.0.1:64252
1623258370362	mozrunner::runner	INFO	Running command: "C:\\Program Files\\Firefox Developer Edition\\firefox.exe" "--marionette" "-foreground" "-no-remote" "-profile" "C:\\Users\\DOWNLO~1\\AppData\\Local\\Temp\\rust_mozprofilepD9qOp"
1623258370701	Marionette	INFO	Marionette enabled
console.warn: SearchSettings: "get: No settings file exists, new profile?" (new NotFoundError("Could not open the file at C:\\Users\\downloadman\\AppData\\Local\\Temp\\rust_mozprofilepD9qOp\\search.json.mozlz4", (void 0)))
1623258372529	Marionette	INFO	Listening on port 64260
1623258373028	Marionette	WARN	TLS certificate errors will be ignored for this session
1623258402209	Marionette	INFO	Stopped listening on port 64260

###!!! [Child][RunMessage] Error: Channel closing: too late to send/recv, messages will be lost


###!!! [Child][RunMessage] Error: Channel closing: too late to send/recv, messages will be lost

1623258424943	geckodriver	INFO	Listening on 127.0.0.1:64362
1623258428028	mozrunner::runner	INFO	Running command: "C:\\Program Files\\Firefox Developer Edition\\firefox.exe" "--marionette" "-foreground" "-no-remote" "-profile" "C:\\Users\\DOWNLO~1\\AppData\\Local\\Temp\\rust_mozprofileNbO1uq"
1623258428352	Marionette	INFO	Marionette enabled
console.warn: SearchSettings: "get: No settings file exists, new profile?" (new NotFoundError("Could not open the file at C:\\Users\\downloadman\\AppData\\Local\\Temp\\rust_mozprofileNbO1uq\\search.json.mozlz4", (void 0)))
1623258430132	Marionette	INFO	Listening on port 64370
1623258430178	Marionette	WARN	TLS certificate errors will be ignored for this session
1623258501938	Marionette	INFO	Stopped listening on port 64370

###!!! [Parent][MessageChannel] Error: (msgtype=0x390079,name=PContent::Msg_DestroyBrowsingContextGroup) Closed channel: cannot send/recv


###!!! [Child][MessageChannel] Error: (msgtype=0x23002E,name=PBrowser::Msg___delete__) Channel closing: too late to send/recv, messages will be lost


###!!! [Child][RunMessage] Error: Channel closing: too late to send/recv, messages will be lost

1623258503733	geckodriver	INFO	Listening on 127.0.0.1:53620
1623258506792	mozrunner::runner	INFO	Running command: "C:\\Program Files\\Firefox Developer Edition\\firefox.exe" "--marionette" "-foreground" "-no-remote" "-profile" "C:\\Users\\DOWNLO~1\\AppData\\Local\\Temp\\rust_mozprofileFYnEEq"
1623258507230	Marionette	INFO	Marionette enabled
console.warn: SearchSettings: "get: No settings file exists, new profile?" (new NotFoundError("Could not open the file at C:\\Users\\downloadman\\AppData\\Local\\Temp\\rust_mozprofileFYnEEq\\search.json.mozlz4", (void 0)))
1623258508994	Marionette	INFO	Listening on port 53628
1623258509463	Marionette	WARN	TLS certificate errors will be ignored for this session
1623258552577	Marionette	INFO	Stopped listening on port 53628

###!!! [Child][RunMessage] Error: Channel closing: too late to send/recv, messages will be lost

1623258760051	geckodriver	INFO	Listening on 127.0.0.1:57009
1623258763160	mozrunner::runner	INFO	Running command: "C:\\Program Files\\Firefox Developer Edition\\firefox.exe" "--marionette" "-foreground" "-no-remote" "-profile" "C:\\Users\\DOWNLO~1\\AppData\\Local\\Temp\\rust_mozprofileytbWGo"
1623258763516	Marionette	INFO	Marionette enabled
console.warn: SearchSettings: "get: No settings file exists, new profile?" (new NotFoundError("Could not open the file at C:\\Users\\downloadman\\AppData\\Local\\Temp\\rust_mozprofileytbWGo\\search.json.mozlz4", (void 0)))
1623258765295	Marionette	INFO	Listening on port 57017
1623258765351	Marionette	WARN	TLS certificate errors will be ignored for this session
1623258868803	geckodriver	INFO	Listening on 127.0.0.1:51670
1623258871861	mozrunner::runner	INFO	Running command: "C:\\Program Files\\Firefox Developer Edition\\firefox.exe" "--marionette" "-foreground" "-no-remote" "-profile" "C:\\Users\\DOWNLO~1\\AppData\\Local\\Temp\\rust_mozprofile116xU7"
1623258872181	Marionette	INFO	Marionette enabled
console.warn: SearchSettings: "get: No settings file exists, new profile?" (new NotFoundError("Could not open the file at C:\\Users\\downloadman\\AppData\\Local\\Temp\\rust_mozprofile116xU7\\search.json.mozlz4", (void 0)))
1623258873929	Marionette	INFO	Listening on port 51678
1623258873948	Marionette	WARN	TLS certificate errors will be ignored for this session
1623258968258	Marionette	INFO	Stopped listening on port 51678

###!!! [Child][RunMessage] Error: Channel closing: too late to send/recv, messages will be lost

1623259738519	geckodriver	INFO	Listening on 127.0.0.1:52043
1623259741595	mozrunner::runner	INFO	Running command: "C:\\Program Files\\Firefox Developer Edition\\firefox.exe" "--marionette" "-foreground" "-no-remote" "-profile" "C:\\Users\\DOWNLO~1\\AppData\\Local\\Temp\\rust_mozprofileNbbmDV"
1623259741919	Marionette	INFO	Marionette enabled
console.warn: SearchSettings: "get: No settings file exists, new profile?" (new NotFoundError("Could not open the file at C:\\Users\\downloadman\\AppData\\Local\\Temp\\rust_mozprofileNbbmDV\\search.json.mozlz4", (void 0)))
1623259743740	Marionette	INFO	Listening on port 52057
1623259744244	Marionette	WARN	TLS certificate errors will be ignored for this session
1623260009583	Marionette	INFO	Stopped listening on port 52057

###!!! [Child][RunMessage] Error: Channel closing: too late to send/recv, messages will be lost

1623260012211	geckodriver	INFO	Listening on 127.0.0.1:63852
1623260015296	mozrunner::runner	INFO	Running command: "C:\\Program Files\\Firefox Developer Edition\\firefox.exe" "--marionette" "-foreground" "-no-remote" "-profile" "C:\\Users\\DOWNLO~1\\AppData\\Local\\Temp\\rust_mozprofileqAZEPJ"
1623260015611	Marionette	INFO	Marionette enabled
console.warn: SearchSettings: "get: No settings file exists, new profile?" (new NotFoundError("Could not open the file at C:\\Users\\downloadman\\AppData\\Local\\Temp\\rust_mozprofileqAZEPJ\\search.json.mozlz4", (void 0)))
1623260017320	Marionette	INFO	Listening on port 63862
1623260017368	Marionette	WARN	TLS certificate errors will be ignored for this session
1623260280304	Marionette	INFO	Stopped listening on port 63862

###!!! [Child][RunMessage] Error: Channel closing: too late to send/recv, messages will be lost


###!!! [Child][RunMessage] Error: Channel closing: too late to send/recv, messages will be lost

1623260285093	geckodriver	INFO	Listening on 127.0.0.1:54055
1623260288151	mozrunner::runner	INFO	Running command: "C:\\Program Files\\Firefox Developer Edition\\firefox.exe" "--marionette" "-foreground" "-no-remote" "-profile" "C:\\Users\\DOWNLO~1\\AppData\\Local\\Temp\\rust_mozprofile09YeEq"
1623260288478	Marionette	INFO	Marionette enabled
console.warn: SearchSettings: "get: No settings file exists, new profile?" (new NotFoundError("Could not open the file at C:\\Users\\downloadman\\AppData\\Local\\Temp\\rust_mozprofile09YeEq\\search.json.mozlz4", (void 0)))
1623260290262	Marionette	INFO	Listening on port 54065
1623260290330	Marionette	WARN	TLS certificate errors will be ignored for this session
1623260426802	Marionette	INFO	Stopped listening on port 54065

###!!! [Child][RunMessage] Error: Channel closing: too late to send/recv, messages will be lost

1623260428803	geckodriver	INFO	Listening on 127.0.0.1:53883
1623260431868	mozrunner::runner	INFO	Running command: "C:\\Program Files\\Firefox Developer Edition\\firefox.exe" "--marionette" "-foreground" "-no-remote" "-profile" "C:\\Users\\DOWNLO~1\\AppData\\Local\\Temp\\rust_mozprofilejyYKZI"
1623260432199	Marionette	INFO	Marionette enabled
console.warn: SearchSettings: "get: No settings file exists, new profile?" (new NotFoundError("Could not open the file at C:\\Users\\downloadman\\AppData\\Local\\Temp\\rust_mozprofilejyYKZI\\search.json.mozlz4", (void 0)))
1623260433977	Marionette	INFO	Listening on port 53891
1623260434016	Marionette	WARN	TLS certificate errors will be ignored for this session
1623260451631	Marionette	INFO	Stopped listening on port 53891

###!!! [Child][RunMessage] Error: Channel closing: too late to send/recv, messages will be lost

1623260457320	geckodriver	INFO	Listening on 127.0.0.1:53981
1623260460393	mozrunner::runner	INFO	Running command: "C:\\Program Files\\Firefox Developer Edition\\firefox.exe" "--marionette" "-foreground" "-no-remote" "-profile" "C:\\Users\\DOWNLO~1\\AppData\\Local\\Temp\\rust_mozprofilemWziVw"
1623260460719	Marionette	INFO	Marionette enabled
console.warn: SearchSettings: "get: No settings file exists, new profile?" (new NotFoundError("Could not open the file at C:\\Users\\downloadman\\AppData\\Local\\Temp\\rust_mozprofilemWziVw\\search.json.mozlz4", (void 0)))
1623260462457	Marionette	INFO	Listening on port 53989
1623260462540	Marionette	WARN	TLS certificate errors will be ignored for this session
1623260488144	Marionette	INFO	Stopped listening on port 53989

###!!! [Child][RunMessage] Error: Channel closing: too late to send/recv, messages will be lost


###!!! [Child][RunMessage] Error: Channel closing: too late to send/recv, messages will be lost

1623260625158	geckodriver	INFO	Listening on 127.0.0.1:54105
1623260628231	mozrunner::runner	INFO	Running command: "C:\\Program Files\\Firefox Developer Edition\\firefox.exe" "--marionette" "-foreground" "-no-remote" "-profile" "C:\\Users\\DOWNLO~1\\AppData\\Local\\Temp\\rust_mozprofileHrdKLF"
1623260628557	Marionette	INFO	Marionette enabled
console.warn: SearchSettings: "get: No settings file exists, new profile?" (new NotFoundError("Could not open the file at C:\\Users\\downloadman\\AppData\\Local\\Temp\\rust_mozprofileHrdKLF\\search.json.mozlz4", (void 0)))
1623260630426	Marionette	INFO	Listening on port 54113
1623260630912	Marionette	WARN	TLS certificate errors will be ignored for this session
1623260648304	Marionette	INFO	Stopped listening on port 54113

###!!! [Child][RunMessage] Error: Channel closing: too late to send/recv, messages will be lost

1623261331977	geckodriver	INFO	Listening on 127.0.0.1:51956
1623261335075	mozrunner::runner	INFO	Running command: "C:\\Program Files\\Firefox Developer Edition\\firefox.exe" "--marionette" "-foreground" "-no-remote" "-profile" "C:\\Users\\DOWNLO~1\\AppData\\Local\\Temp\\rust_mozprofileUBH0Ov"
1623261335372	Marionette	INFO	Marionette enabled
console.warn: SearchSettings: "get: No settings file exists, new profile?" (new NotFoundError("Could not open the file at C:\\Users\\downloadman\\AppData\\Local\\Temp\\rust_mozprofileUBH0Ov\\search.json.mozlz4", (void 0)))
1623261337168	Marionette	INFO	Listening on port 51964
1623261337233	Marionette	WARN	TLS certificate errors will be ignored for this session
1623261375054	Marionette	INFO	Stopped listening on port 51964

###!!! [Child][RunMessage] Error: Channel closing: too late to send/recv, messages will be lost

1623261378527	geckodriver	INFO	Listening on 127.0.0.1:52054
1623261381584	mozrunner::runner	INFO	Running command: "C:\\Program Files\\Firefox Developer Edition\\firefox.exe" "--marionette" "-foreground" "-no-remote" "-profile" "C:\\Users\\DOWNLO~1\\AppData\\Local\\Temp\\rust_mozprofilepOPver"
1623261381895	Marionette	INFO	Marionette enabled
console.warn: SearchSettings: "get: No settings file exists, new profile?" (new NotFoundError("Could not open the file at C:\\Users\\downloadman\\AppData\\Local\\Temp\\rust_mozprofilepOPver\\search.json.mozlz4", (void 0)))
1623261383703	Marionette	INFO	Listening on port 52064
1623261383745	Marionette	WARN	TLS certificate errors will be ignored for this session
1623261445660	Marionette	INFO	Stopped listening on port 52064

###!!! [Parent][MessageChannel] Error: (msgtype=0x390079,name=PContent::Msg_DestroyBrowsingContextGroup) Closed channel: cannot send/recv


###!!! [Child][RunMessage] Error: Channel closing: too late to send/recv, messages will be lost

1623261454603	geckodriver	INFO	Listening on 127.0.0.1:51772
1623261457677	mozrunner::runner	INFO	Running command: "C:\\Program Files\\Firefox Developer Edition\\firefox.exe" "--marionette" "-foreground" "-no-remote" "-profile" "C:\\Users\\DOWNLO~1\\AppData\\Local\\Temp\\rust_mozprofilenFujh8"
1623261458004	Marionette	INFO	Marionette enabled
console.warn: SearchSettings: "get: No settings file exists, new profile?" (new NotFoundError("Could not open the file at C:\\Users\\downloadman\\AppData\\Local\\Temp\\rust_mozprofilenFujh8\\search.json.mozlz4", (void 0)))
1623261459818	Marionette	INFO	Listening on port 51781
1623261459863	Marionette	WARN	TLS certificate errors will be ignored for this session
1623297609376	geckodriver	INFO	Listening on 127.0.0.1:59654
1623297612457	mozrunner::runner	INFO	Running command: "C:\\Program Files\\Firefox Developer Edition\\firefox.exe" "--marionette" "-foreground" "-no-remote" "-profile" "C:\\cygwin64\\tmp\\rust_mozprofileIWDB3I"
1623297648235	geckodriver	INFO	Listening on 127.0.0.1:50349
1623297651299	mozrunner::runner	INFO	Running command: "C:\\Program Files\\Firefox Developer Edition\\firefox.exe" "--marionette" "-foreground" "-no-remote" "-profile" "C:\\cygwin64\\tmp\\rust_mozprofilewC9Se2"
1623297651690	Marionette	INFO	Marionette enabled
console.warn: SearchSettings: "get: No settings file exists, new profile?" (new NotFoundError("Could not open the file at C:\\cygwin64\\tmp\\rust_mozprofilewC9Se2\\search.json.mozlz4", (void 0)))
1623297654137	Marionette	INFO	Listening on port 50357
1623297654474	Marionette	WARN	TLS certificate errors will be ignored for this session
1623297660206	Marionette	INFO	Stopped listening on port 50357
1623299168052	geckodriver	INFO	Listening on 127.0.0.1:58666
1623299173073	mozrunner::runner	INFO	Running command: "C:\\Program Files\\Firefox Developer Edition\\firefox.exe" "--marionette" "user-agent=Mozilla/5.0 (X11; Linux; rv:74.0) Gecko/20100101 Firefox/74.0" "-foreground" "-no-remote" "-profile" "C:\\cygwin64\\tmp\\rust_mozprofilexbOAkq"
1623299173878	Marionette	INFO	Marionette enabled
ConvertWinError received an unrecognized WinError: 0x7b
JavaScript warning: moz-extension://3079ed59-1236-49fb-bc50-3c8c082d7839/abp-background.js, line 0: Successfully compiled asm.js code (total compilation time 1ms)
JavaScript warning: moz-extension://865dd404-124d-45ee-b7e9-ae60330630d3/background.js, line 0: Successfully compiled asm.js code (total compilation time 1ms)
console.warn: SearchSettings: "get: No settings file exists, new profile?" (new NotFoundError("Could not open the file at C:\\cygwin64\\tmp\\rust_mozprofilexbOAkq\\search.json.mozlz4", (void 0)))
1623299176669	Marionette	INFO	Listening on port 58675
1623299176773	Marionette	WARN	TLS certificate errors will be ignored for this session

###!!! [Child][MessageChannel] Error: (msgtype=0x390099,name=PContent::Msg_InitBackground) Channel closing: too late to send/recv, messages will be lost

1623299211471	Marionette	WARN	Ignoring event 'pageshow' because document has an invalid readyState of 'uninitialized'.
console.warn: services.settings: main/doh-config Signature verified failed. Retry from scratch
console.warn: services.settings: main/doh-providers Signature verified failed. Retry from scratch
JavaScript error: resource://gre/modules/ConduitsChild.jsm, line 108: Error: sendRemoveListener on closed conduit jid1-NIfFY2CA8fy1tg@jetpack.274877907029
JavaScript error: , line 0: AbortError: Actor 'Conduits' destroyed before query 'RunListener' was resolved
1623299654830	Marionette	INFO	Stopped listening on port 58675

###!!! [Child][RunMessage] Error: Channel closing: too late to send/recv, messages will be lost


###!!! [Child][RunMessage] Error: Channel closing: too late to send/recv, messages will be lost

1623299689000	geckodriver	INFO	Listening on 127.0.0.1:57742
1623299694717	mozrunner::runner	INFO	Running command: "C:\\Program Files\\Firefox Developer Edition\\firefox.exe" "--marionette" "user-agent=Mozilla/5.0 (Windows NT 10.0; Win64; x64) AppleWebKit/537.36 (KHTML, like Gecko) Firefox/58.0.1" "-foreground" "-no-remote" "-profile" "C:\\cygwin64\\tmp\\rust_mozprofileLg77CZ"
1623299695935	Marionette	INFO	Marionette enabled
JavaScript error: resource://gre/modules/ExtensionContent.jsm, line 575: TypeError: PrecompiledScript.executeInGlobal: Argument 1 is not an object.
JavaScript error: resource://gre/modules/ExtensionContent.jsm, line 575: TypeError: PrecompiledScript.executeInGlobal: Argument 1 is not an object.
JavaScript error: resource://gre/modules/ExtensionContent.jsm, line 575: TypeError: PrecompiledScript.executeInGlobal: Argument 1 is not an object.
JavaScript error: resource://gre/modules/ExtensionContent.jsm, line 575: TypeError: PrecompiledScript.executeInGlobal: Argument 1 is not an object.
JavaScript error: resource://gre/modules/ExtensionContent.jsm, line 575: TypeError: PrecompiledScript.executeInGlobal: Argument 1 is not an object.
JavaScript error: resource://gre/modules/ExtensionContent.jsm, line 575: TypeError: PrecompiledScript.executeInGlobal: Argument 1 is not an object.
JavaScript error: resource://gre/modules/ExtensionContent.jsm, line 575: TypeError: PrecompiledScript.executeInGlobal: Argument 1 is not an object.
JavaScript warning: moz-extension://ccf76316-413e-4591-8e2b-676c8663e4d5/abp-background.js, line 0: Successfully compiled asm.js code (total compilation time 4ms)
JavaScript warning: moz-extension://d6ecaa58-8a39-4ce9-80b4-0fb7e45f5f16/background.js, line 0: Successfully compiled asm.js code (total compilation time 1ms)
console.warn: SearchSettings: "get: No settings file exists, new profile?" (new NotFoundError("Could not open the file at C:\\cygwin64\\tmp\\rust_mozprofileLg77CZ\\search.json.mozlz4", (void 0)))
1623299699443	Marionette	INFO	Listening on port 60955
1623299699552	Marionette	WARN	TLS certificate errors will be ignored for this session
1623299713113	Marionette	WARN	Ignoring event 'pageshow' because document has an invalid readyState of 'uninitialized'.
console.warn: services.settings: main/doh-config Signature verified failed. Retry from scratch
console.warn: services.settings: main/doh-providers Signature verified failed. Retry from scratch
JavaScript error: resource://gre/modules/psm/RemoteSecuritySettings.jsm, line 735: NS_ERROR_ILLEGAL_VALUE: Component returned failure code: 0x80070057 (NS_ERROR_ILLEGAL_VALUE) [nsIXPCComponents_Utils.reportError]
JavaScript error: , line 0: NS_ERROR_NOT_AVAILABLE
JavaScript error: https://www.instagram.com/, line 56: TypeError: can't access property "push", window.__bufferedErrors is undefined
JavaScript error: https://www.instagram.com/, line 56: TypeError: can't access property "push", window.__bufferedErrors is undefined
JavaScript error: https://www.instagram.com/, line 56: TypeError: can't access property "push", window.__bufferedErrors is undefined
JavaScript error: https://www.instagram.com/, line 56: TypeError: can't access property "push", window.__bufferedErrors is undefined
JavaScript error: resource://gre/modules/ConduitsChild.jsm, line 108: Error: sendRemoveListener on closed conduit jid1-NIfFY2CA8fy1tg@jetpack.274877906962
JavaScript error: , line 0: AbortError: Actor 'Conduits' destroyed before query 'RunListener' was resolved
1623307932428	Marionette	INFO	Stopped listening on port 60955

###!!! [Child][RunMessage] Error: Channel closing: too late to send/recv, messages will be lost


###!!! [Child][RunMessage] Error: Channel closing: too late to send/recv, messages will be lost

1623313662602	geckodriver	INFO	Listening on 127.0.0.1:63030
1623313667825	mozrunner::runner	INFO	Running command: "C:\\Program Files\\Firefox Developer Edition\\firefox.exe" "--marionette" "user-agent=Mozilla/5.0 (X11; Linux x86_64; rv:28.0) Gecko/20100101  Firefox/28.0" "-foreground" "-no-remote" "-profile" "C:\\cygwin64\\tmp\\rust_mozprofilesqFnMs"
1623313669784	Marionette	INFO	Marionette enabled
ConvertWinError received an unrecognized WinError: 0x7b
JavaScript error: resource://gre/modules/ExtensionContent.jsm, line 575: TypeError: PrecompiledScript.executeInGlobal: Argument 1 is not an object.
JavaScript warning: moz-extension://7a8df05d-ce4c-4302-b619-62f648753eef/abp-background.js, line 0: Successfully compiled asm.js code (total compilation time 22ms)
JavaScript warning: moz-extension://28aac5d8-7e10-4470-8233-f4d2fb96bed3/background.js, line 0: Successfully compiled asm.js code (total compilation time 31ms)
console.warn: SearchSettings: "get: No settings file exists, new profile?" (new NotFoundError("Could not open the file at C:\\cygwin64\\tmp\\rust_mozprofilesqFnMs\\search.json.mozlz4", (void 0)))
1623313673951	Marionette	INFO	Listening on port 63040
1623313674145	Marionette	WARN	TLS certificate errors will be ignored for this session
1623313714209	Marionette	WARN	Ignoring event 'pageshow' because document has an invalid readyState of 'uninitialized'.
JavaScript error: https://www.instagram.com/, line 56: TypeError: can't access property "push", window.__bufferedErrors is undefined
JavaScript error: https://www.instagram.com/, line 56: TypeError: can't access property "push", window.__bufferedErrors is undefined
JavaScript error: resource://gre/modules/ConduitsChild.jsm, line 108: Error: sendRemoveListener on closed conduit jid1-NIfFY2CA8fy1tg@jetpack.274877907055
JavaScript error: , line 0: AbortError: Actor 'Conduits' destroyed before query 'RunListener' was resolved

###!!! [Parent][MessageChannel] Error: (msgtype=0x390079,name=PContent::Msg_DestroyBrowsingContextGroup) Closed channel: cannot send/recv


###!!! [Child][RunMessage] Error: Channel closing: too late to send/recv, messages will be lost


###!!! [Child][MessageChannel] Error: (msgtype=0x23002E,name=PBrowser::Msg___delete__) Channel closing: too late to send/recv, messages will be lost

1623313985159	Marionette	INFO	Stopped listening on port 63040

###!!! [Child][RunMessage] Error: Channel closing: too late to send/recv, messages will be lost


###!!! [Child][RunMessage] Error: Channel closing: too late to send/recv, messages will be lost

1623314231164	geckodriver	INFO	Listening on 127.0.0.1:60304
1623314236330	mozrunner::runner	INFO	Running command: "C:\\Program Files\\Firefox Developer Edition\\firefox.exe" "--marionette" "user-agent=Mozilla/5.0 (Windows NT 6.1; WOW64; rv:77.0) Gecko/20190101 Firefox/77.0" "-foreground" "-no-remote" "-profile" "C:\\cygwin64\\tmp\\rust_mozprofilev545EP"
1623314237130	Marionette	INFO	Marionette enabled
ConvertWinError received an unrecognized WinError: 0x7b
JavaScript error: resource://gre/modules/ExtensionCommon.jsm, line 509: TypeError: can't access property "windowGlobalChild", this.contentWindow is null
JavaScript error: resource://gre/modules/ExtensionCommon.jsm, line 509: TypeError: can't access property "windowGlobalChild", this.contentWindow is null
JavaScript error: resource://gre/modules/ExtensionCommon.jsm, line 509: TypeError: can't access property "windowGlobalChild", this.contentWindow is null
JavaScript error: resource://gre/modules/ExtensionCommon.jsm, line 509: TypeError: can't access property "windowGlobalChild", this.contentWindow is null
JavaScript error: resource://gre/modules/ExtensionCommon.jsm, line 509: TypeError: can't access property "windowGlobalChild", this.contentWindow is null
JavaScript error: resource://gre/modules/ExtensionCommon.jsm, line 509: TypeError: can't access property "windowGlobalChild", this.contentWindow is null
JavaScript error: resource://gre/modules/ExtensionContent.jsm, line 575: TypeError: PrecompiledScript.executeInGlobal: Argument 1 is not an object.
JavaScript error: , line 0: uncaught exception: Object
JavaScript error: , line 0: uncaught exception: Object
JavaScript error: resource://gre/modules/ExtensionContent.jsm, line 575: TypeError: PrecompiledScript.executeInGlobal: Argument 1 is not an object.
JavaScript error: , line 0: uncaught exception: Object
JavaScript warning: moz-extension://cde5a4d8-b8ea-4ca3-9af4-f2cd394a4f19/abp-background.js, line 0: Successfully compiled asm.js code (total compilation time 1ms)
JavaScript warning: moz-extension://677ef7ae-0382-44a9-b6ec-7bbe5d5b1de2/background.js, line 0: Successfully compiled asm.js code (total compilation time 1ms)
JavaScript error: undefined, line 0: Error: can't access property "injectedStyleSheets", frame.state is undefined
console.warn: SearchSettings: "get: No settings file exists, new profile?" (new NotFoundError("Could not open the file at C:\\cygwin64\\tmp\\rust_mozprofilev545EP\\search.json.mozlz4", (void 0)))
1623314240146	Marionette	INFO	Listening on port 51500
1623314240530	Marionette	WARN	TLS certificate errors will be ignored for this session
1623314255561	Marionette	WARN	Ignoring event 'pageshow' because document has an invalid readyState of 'uninitialized'.
JavaScript error: https://www.instagram.com/, line 56: TypeError: can't access property "push", window.__bufferedErrors is undefined
JavaScript error: https://www.instagram.com/, line 56: TypeError: can't access property "push", window.__bufferedErrors is undefined
1623314444987	Marionette	INFO	Stopped listening on port 51500
JavaScript error: resource://gre/modules/ConduitsChild.jsm, line 108: Error: sendRemoveListener on closed conduit jid1-NIfFY2CA8fy1tg@jetpack.274877906954

###!!! [Parent][MessageChannel] Error: (msgtype=0x390079,name=PContent::Msg_DestroyBrowsingContextGroup) Closed channel: cannot send/recv


###!!! [Child][RunMessage] Error: Channel closing: too late to send/recv, messages will be lost


###!!! [Child][RunMessage] Error: Channel closing: too late to send/recv, messages will be lost


###!!! [Child][RunMessage] Error: Channel closing: too late to send/recv, messages will be lost

1623314454902	geckodriver	INFO	Listening on 127.0.0.1:63272
1623314460325	mozrunner::runner	INFO	Running command: "C:\\Program Files\\Firefox Developer Edition\\firefox.exe" "--marionette" "user-agent=Mozilla/5.0 (Windows NT 6.2; rv:20.0) Gecko/20121202 Firefox/26.0" "-foreground" "-no-remote" "-profile" "C:\\cygwin64\\tmp\\rust_mozprofileLeaprd"
1623314461194	Marionette	INFO	Marionette enabled
ConvertWinError received an unrecognized WinError: 0x7b
JavaScript error: resource://gre/modules/ExtensionContent.jsm, line 575: TypeError: PrecompiledScript.executeInGlobal: Argument 1 is not an object.
JavaScript warning: moz-extension://2611a31d-9e51-4d24-9ebd-a062250e1f9a/abp-background.js, line 0: Successfully compiled asm.js code (total compilation time 1ms)
JavaScript warning: moz-extension://a22297a6-c1d5-46ce-b634-0ddfd4f34a00/background.js, line 0: Successfully compiled asm.js code (total compilation time 1ms)
JavaScript error: undefined, line 0: Error: can't access property "injectedStyleSheets", frame.state is undefined
console.warn: SearchSettings: "get: No settings file exists, new profile?" (new NotFoundError("Could not open the file at C:\\cygwin64\\tmp\\rust_mozprofileLeaprd\\search.json.mozlz4", (void 0)))
1623314463880	Marionette	INFO	Listening on port 63280
1623314464078	Marionette	WARN	TLS certificate errors will be ignored for this session
1623314476420	Marionette	WARN	Ignoring event 'pageshow' because document has an invalid readyState of 'interactive'.
1623314476421	Marionette	WARN	Ignoring event 'pageshow' because document has an invalid readyState of 'uninitialized'.
JavaScript error: https://www.instagram.com/, line 56: TypeError: can't access property "push", window.__bufferedErrors is undefined
JavaScript error: https://www.instagram.com/, line 56: TypeError: can't access property "push", window.__bufferedErrors is undefined
SourceActor threw an exception: [Exception... "Component returned failure code: 0x80470002 (NS_BASE_STREAM_CLOSED) [nsIInputStream.available]"  nsresult: "0x80470002 (NS_BASE_STREAM_CLOSED)"  location: "JS frame :: resource://devtools/shared/DevToolsUtils.js :: onResponse :: line 567"  data: no]
Stack: onResponse@resource://devtools/shared/DevToolsUtils.js:567:34
onStopRequest@resource://gre/modules/NetUtil.jsm:128:18
Line: 567, column: 0
console.error: ({})
JavaScript error: resource://devtools/shared/DevToolsUtils.js, line 567: NS_BASE_STREAM_CLOSED: Component returned failure code: 0x80470002 (NS_BASE_STREAM_CLOSED) [nsIInputStream.available]
JavaScript error: resource://gre/actors/AutoCompleteChild.jsm, line 125: Error: Invalid autocomplete selectedIndex
JavaScript error: resource://gre/actors/AutoCompleteChild.jsm, line 125: Error: Invalid autocomplete selectedIndex
JavaScript error: resource://gre/actors/AutoCompleteChild.jsm, line 125: Error: Invalid autocomplete selectedIndex
JavaScript error: resource://gre/actors/AutoCompleteChild.jsm, line 125: Error: Invalid autocomplete selectedIndex
JavaScript error: resource://gre/actors/AutoCompleteChild.jsm, line 125: Error: Invalid autocomplete selectedIndex
JavaScript error: resource://gre/actors/AutoCompleteChild.jsm, line 125: Error: Invalid autocomplete selectedIndex
JavaScript error: resource://gre/actors/AutoCompleteChild.jsm, line 125: Error: Invalid autocomplete selectedIndex
JavaScript error: resource://gre/actors/AutoCompleteChild.jsm, line 125: Error: Invalid autocomplete selectedIndex
JavaScript error: resource://gre/actors/AutoCompleteChild.jsm, line 125: Error: Invalid autocomplete selectedIndex
JavaScript error: resource://gre/actors/AutoCompleteChild.jsm, line 125: Error: Invalid autocomplete selectedIndex
JavaScript error: resource://gre/actors/AutoCompleteChild.jsm, line 125: Error: Invalid autocomplete selectedIndex
JavaScript error: resource://gre/actors/AutoCompleteChild.jsm, line 125: Error: Invalid autocomplete selectedIndex
JavaScript error: resource://gre/actors/AutoCompleteChild.jsm, line 125: Error: Invalid autocomplete selectedIndex
JavaScript error: resource://gre/actors/AutoCompleteChild.jsm, line 125: Error: Invalid autocomplete selectedIndex
JavaScript error: resource://gre/actors/AutoCompleteChild.jsm, line 125: Error: Invalid autocomplete selectedIndex
JavaScript error: resource://gre/actors/AutoCompleteChild.jsm, line 125: Error: Invalid autocomplete selectedIndex
JavaScript error: resource://gre/actors/AutoCompleteChild.jsm, line 125: Error: Invalid autocomplete selectedIndex
1623314728253	Marionette	WARN	Ignoring event 'pageshow' because document has an invalid readyState of 'uninitialized'.
1623314738211	Marionette	INFO	Stopped listening on port 63280
JavaScript error: resource://gre/modules/ConduitsChild.jsm, line 108: Error: sendRemoveListener on closed conduit jid1-NIfFY2CA8fy1tg@jetpack.274877906956

###!!! [Parent][MessageChannel] Error: (msgtype=0x390079,name=PContent::Msg_DestroyBrowsingContextGroup) Closed channel: cannot send/recv


###!!! [Child][RunMessage] Error: Channel closing: too late to send/recv, messages will be lost


###!!! [Child][RunMessage] Error: Channel closing: too late to send/recv, messages will be lost

1623314755916	geckodriver	INFO	Listening on 127.0.0.1:56012
1623314761476	mozrunner::runner	INFO	Running command: "C:\\Program Files\\Firefox Developer Edition\\firefox.exe" "--marionette" "user-agent=Mozilla/5.0 (Windows NT 10.0; WOW64; rv:77.0) Gecko/20100101 Firefox/77.0" "-foreground" "-no-remote" "-profile" "C:\\cygwin64\\tmp\\rust_mozprofile1oSZiw"
1623314762330	Marionette	INFO	Marionette enabled
ConvertWinError received an unrecognized WinError: 0x7b
JavaScript warning: moz-extension://efd20ec7-0ae6-4839-9c0a-be0e7173be98/abp-background.js, line 0: Successfully compiled asm.js code (total compilation time 1ms)
JavaScript warning: moz-extension://faf83605-8417-41ea-9a01-7b56b981abd7/background.js, line 0: Successfully compiled asm.js code (total compilation time 1ms)
JavaScript error: undefined, line 0: Error: can't access property "injectedStyleSheets", frame.state is undefined
console.warn: SearchSettings: "get: No settings file exists, new profile?" (new NotFoundError("Could not open the file at C:\\cygwin64\\tmp\\rust_mozprofile1oSZiw\\search.json.mozlz4", (void 0)))
1623314764939	Marionette	INFO	Listening on port 56021
1623314765155	Marionette	WARN	TLS certificate errors will be ignored for this session
1623314777985	Marionette	WARN	Ignoring event 'pageshow' because document has an invalid readyState of 'interactive'.
1623314777986	Marionette	WARN	Ignoring event 'pageshow' because document has an invalid readyState of 'uninitialized'.
JavaScript error: https://www.instagram.com/, line 56: TypeError: can't access property "push", window.__bufferedErrors is undefined
JavaScript error: https://www.instagram.com/, line 56: TypeError: can't access property "push", window.__bufferedErrors is undefined
1623314868601	Marionette	INFO	Stopped listening on port 56021
JavaScript error: resource://gre/modules/ConduitsChild.jsm, line 108: Error: sendRemoveListener on closed conduit jid1-NIfFY2CA8fy1tg@jetpack.274877907029

###!!! [Parent][MessageChannel] Error: (msgtype=0x390079,name=PContent::Msg_DestroyBrowsingContextGroup) Closed channel: cannot send/recv


###!!! [Child][RunMessage] Error: Channel closing: too late to send/recv, messages will be lost


###!!! [Child][RunMessage] Error: Channel closing: too late to send/recv, messages will be lost

1623314875205	geckodriver	INFO	Listening on 127.0.0.1:63670
1623314880305	mozrunner::runner	INFO	Running command: "C:\\Program Files\\Firefox Developer Edition\\firefox.exe" "--marionette" "user-agent=Mozilla/5.0 (Windows NT 6.1; WOW64; rv:31.0) Gecko/20130401 Firefox/31.0" "-foreground" "-no-remote" "-profile" "C:\\cygwin64\\tmp\\rust_mozprofileNewr4V"
1623314881104	Marionette	INFO	Marionette enabled
ConvertWinError received an unrecognized WinError: 0x7b
JavaScript warning: moz-extension://2b8b889e-5e97-448d-a635-cb68fd47f211/abp-background.js, line 0: Successfully compiled asm.js code (total compilation time 1ms)
JavaScript error: undefined, line 0: Error: can't access property "injectedStyleSheets", frame.state is undefined
JavaScript warning: moz-extension://31ce289e-f573-46d0-b5a3-aa29aa1c4391/background.js, line 0: Successfully compiled asm.js code (total compilation time 1ms)
console.warn: SearchSettings: "get: No settings file exists, new profile?" (new NotFoundError("Could not open the file at C:\\cygwin64\\tmp\\rust_mozprofileNewr4V\\search.json.mozlz4", (void 0)))
1623314883969	Marionette	INFO	Listening on port 63678
1623314884023	Marionette	WARN	TLS certificate errors will be ignored for this session
JavaScript error: , line 0: uncaught exception: undefined
1623314897581	Marionette	WARN	Ignoring event 'pageshow' because document has an invalid readyState of 'interactive'.
1623314897582	Marionette	WARN	Ignoring event 'pageshow' because document has an invalid readyState of 'uninitialized'.
JavaScript error: https://www.instagram.com/, line 56: TypeError: can't access property "push", window.__bufferedErrors is undefined
JavaScript error: https://www.instagram.com/, line 56: TypeError: can't access property "push", window.__bufferedErrors is undefined
1623315293152	geckodriver	INFO	Listening on 127.0.0.1:50978
1623315298270	mozrunner::runner	INFO	Running command: "C:\\Program Files\\Firefox Developer Edition\\firefox.exe" "--marionette" "user-agent=Mozilla/5.0 (Windows NT 5.1; rv:31.0) Gecko/20100101 Firefox/31.0" "-foreground" "-no-remote" "-profile" "C:\\cygwin64\\tmp\\rust_mozprofilejkNVUN"
1623315299060	Marionette	INFO	Marionette enabled
ConvertWinError received an unrecognized WinError: 0x7b
JavaScript error: resource://gre/modules/ExtensionContent.jsm, line 575: TypeError: PrecompiledScript.executeInGlobal: Argument 1 is not an object.
JavaScript warning: moz-extension://225282a8-aa46-4b50-b6e3-3e844094ad12/abp-background.js, line 0: Successfully compiled asm.js code (total compilation time 1ms)
JavaScript error: undefined, line 0: Error: can't access property "injectedStyleSheets", frame.state is undefined
JavaScript warning: moz-extension://58f91efc-38e5-4d15-9869-833348456ce2/background.js, line 0: Successfully compiled asm.js code (total compilation time 1ms)
console.warn: SearchSettings: "get: No settings file exists, new profile?" (new NotFoundError("Could not open the file at C:\\cygwin64\\tmp\\rust_mozprofilejkNVUN\\search.json.mozlz4", (void 0)))
1623315301696	Marionette	INFO	Listening on port 50986
1623315301972	Marionette	WARN	TLS certificate errors will be ignored for this session
JavaScript error: , line 0: uncaught exception: undefined
1623315314699	Marionette	WARN	Ignoring event 'pageshow' because document has an invalid readyState of 'interactive'.
1623315314700	Marionette	WARN	Ignoring event 'pageshow' because document has an invalid readyState of 'uninitialized'.
1623315386162	Marionette	WARN	Ignoring event 'pageshow' because document has an invalid readyState of 'interactive'.
1623315386162	Marionette	WARN	Ignoring event 'pageshow' because document has an invalid readyState of 'uninitialized'.
console.warn: "Already stopped listening to websocket events for this window."
console.warn: "Already stopped listening to server sent events for this window."
console.warn: "Already stopped listening to websocket events for this window."
console.warn: "Already stopped listening to server sent events for this window."
console.warn: "Already stopped listening to websocket events for this window."
console.warn: "Already stopped listening to server sent events for this window."
JavaScript error: resource://devtools/server/actors/highlighters/utils/markup.js, line 141: TypeError: can't access property "namespaceURI", window.document.documentElement is null
JavaScript error: chrome://browser/content/certerror/aboutNetError.js, line 653: InvalidStateError: An attempt was made to use an object that is not, or is no longer, usable
JavaScript error: chrome://browser/content/certerror/aboutNetError.js, line 653: InvalidStateError: An attempt was made to use an object that is not, or is no longer, usable
JavaScript error: chrome://browser/content/certerror/aboutNetError.js, line 674: InvalidStateError: An attempt was made to use an object that is not, or is no longer, usable
JavaScript error: chrome://browser/content/certerror/aboutNetError.js, line 674: InvalidStateError: An attempt was made to use an object that is not, or is no longer, usable
JavaScript error: resource:///actors/NetErrorParent.jsm, line 342: TypeError: can't access property "failedCertChain", securityInfo is null
JavaScript error: resource:///actors/NetErrorParent.jsm, line 342: TypeError: can't access property "failedCertChain", securityInfo is null
1623315809575	addons.xpi	ERROR	System addon update list error Error: Failed downloading XML, status: 0, reason: error
console.warn: "Already stopped listening to websocket events for this window."
console.warn: "Already stopped listening to server sent events for this window."
console.warn: "Already stopped listening to websocket events for this window."
console.warn: "Already stopped listening to server sent events for this window."
console.warn: "Already stopped listening to websocket events for this window."
console.warn: "Already stopped listening to server sent events for this window."
JavaScript error: resource://gre/modules/ConduitsChild.jsm, line 108: Error: sendRemoveListener on closed conduit jid1-NIfFY2CA8fy1tg@jetpack.274877907037
JavaScript error: , line 0: AbortError: Actor 'Conduits' destroyed before query 'RunListener' was resolved
JavaScript error: , line 0: AbortError: Actor 'Conduits' destroyed before query 'RunListener' was resolved
1623316039378	Marionette	INFO	Stopped listening on port 50986

###!!! [Child][RunMessage] Error: Channel closing: too late to send/recv, messages will be lost


###!!! [Child][RunMessage] Error: Channel closing: too late to send/recv, messages will be lost

1623316043661	geckodriver	INFO	Listening on 127.0.0.1:50551
1623316048728	mozrunner::runner	INFO	Running command: "C:\\Program Files\\Firefox Developer Edition\\firefox.exe" "--marionette" "user-agent=Mozilla/5.0 (Windows NT 10.0; WOW64; rv:45.66.18) Gecko/20177177 Firefox/45.66.18" "-foreground" "-no-remote" "-profile" "C:\\cygwin64\\tmp\\rust_mozprofileqaTJ6N"
1623316049523	Marionette	INFO	Marionette enabled
ConvertWinError received an unrecognized WinError: 0x7b
JavaScript error: resource://gre/modules/ExtensionContent.jsm, line 575: TypeError: PrecompiledScript.executeInGlobal: Argument 1 is not an object.
JavaScript error: resource://gre/modules/ExtensionContent.jsm, line 575: TypeError: PrecompiledScript.executeInGlobal: Argument 1 is not an object.
JavaScript error: resource://gre/modules/ExtensionContent.jsm, line 575: TypeError: PrecompiledScript.executeInGlobal: Argument 1 is not an object.
JavaScript error: resource://gre/modules/ExtensionContent.jsm, line 575: TypeError: PrecompiledScript.executeInGlobal: Argument 1 is not an object.
JavaScript error: resource://gre/modules/ExtensionContent.jsm, line 575: TypeError: PrecompiledScript.executeInGlobal: Argument 1 is not an object.
JavaScript error: resource://gre/modules/ExtensionContent.jsm, line 575: TypeError: PrecompiledScript.executeInGlobal: Argument 1 is not an object.
JavaScript error: resource://gre/modules/ExtensionContent.jsm, line 575: TypeError: PrecompiledScript.executeInGlobal: Argument 1 is not an object.
JavaScript warning: moz-extension://2c6e2dfc-6764-4993-b5f9-30ffba3af797/abp-background.js, line 0: Successfully compiled asm.js code (total compilation time 1ms)
JavaScript warning: moz-extension://f1387709-867f-4acf-b8ec-120d72ccfb25/background.js, line 0: Successfully compiled asm.js code (total compilation time 1ms)
console.warn: SearchSettings: "get: No settings file exists, new profile?" (new NotFoundError("Could not open the file at C:\\cygwin64\\tmp\\rust_mozprofileqaTJ6N\\search.json.mozlz4", (void 0)))
1623316052271	Marionette	INFO	Listening on port 50562
[Child 11160, IPC I/O Child] WARNING: pipe error: 232: file /builds/worker/checkouts/gecko/ipc/chromium/src/chrome/common/ipc_channel_win.cc:544
1623316052463	Marionette	WARN	TLS certificate errors will be ignored for this session
JavaScript error: , line 0: uncaught exception: undefined
1623316270592	Marionette	WARN	Ignoring event 'pageshow' because document has an invalid readyState of 'interactive'.
1623316270592	Marionette	WARN	Ignoring event 'pageshow' because document has an invalid readyState of 'uninitialized'.
JavaScript error: https://www.instagram.com/, line 56: TypeError: can't access property "push", window.__bufferedErrors is undefined
JavaScript error: https://www.instagram.com/, line 56: TypeError: can't access property "push", window.__bufferedErrors is undefined
JavaScript error: resource://gre/modules/ConduitsChild.jsm, line 108: Error: sendRemoveListener on closed conduit jid1-NIfFY2CA8fy1tg@jetpack.274877906957
JavaScript error: , line 0: AbortError: Actor 'Conduits' destroyed before query 'RunListener' was resolved
1623316319713	Marionette	INFO	Stopped listening on port 50562

###!!! [Child][RunMessage] Error: Channel closing: too late to send/recv, messages will be lost


###!!! [Child][RunMessage] Error: Channel closing: too late to send/recv, messages will be lost

1623316329932	geckodriver	INFO	Listening on 127.0.0.1:65130
1623316335157	mozrunner::runner	INFO	Running command: "C:\\Program Files\\Firefox Developer Edition\\firefox.exe" "--marionette" "user-agent=Mozilla/5.0 (Windows NT 6.1; WOW64; rv:70.0) Gecko/20190101 Firefox/70.0" "-foreground" "-no-remote" "-profile" "C:\\cygwin64\\tmp\\rust_mozprofile4HAQgl"
1623316336006	Marionette	INFO	Marionette enabled
ConvertWinError received an unrecognized WinError: 0x7b
JavaScript error: resource://gre/modules/ExtensionContent.jsm, line 575: TypeError: PrecompiledScript.executeInGlobal: Argument 1 is not an object.
JavaScript warning: moz-extension://1b636cd0-f22e-4df3-b461-22756ab10d00/abp-background.js, line 0: Successfully compiled asm.js code (total compilation time 2ms)
JavaScript error: undefined, line 0: Error: can't access property "injectedStyleSheets", frame.state is undefined
JavaScript warning: moz-extension://b59307a0-deba-4086-8157-27bcd7ab9f89/background.js, line 0: Successfully compiled asm.js code (total compilation time 1ms)
console.warn: SearchSettings: "get: No settings file exists, new profile?" (new NotFoundError("Could not open the file at C:\\cygwin64\\tmp\\rust_mozprofile4HAQgl\\search.json.mozlz4", (void 0)))
1623316339287	Marionette	INFO	Listening on port 65138
1623316339335	Marionette	WARN	TLS certificate errors will be ignored for this session
JavaScript error: resource://gre/modules/ConduitsChild.jsm, line 108: Error: sendRemoveListener on closed conduit jid1-NIfFY2CA8fy1tg@jetpack.274877907031
JavaScript error: , line 0: AbortError: Actor 'Conduits' destroyed before query 'RunListener' was resolved
1623316377324	Marionette	INFO	Stopped listening on port 65138

###!!! [Child][RunMessage] Error: Channel closing: too late to send/recv, messages will be lost

1623316387389	geckodriver	INFO	Listening on 127.0.0.1:64565
1623316392488	mozrunner::runner	INFO	Running command: "C:\\Program Files\\Firefox Developer Edition\\firefox.exe" "--marionette" "user-agent=Mozilla/5.0 (X11; U; Linux i686; en-US; rv:1.9a1) Gecko/20060814 Firefox/51.0" "-foreground" "-no-remote" "-profile" "C:\\cygwin64\\tmp\\rust_mozprofile7p69lC"
1623316393283	Marionette	INFO	Marionette enabled
ConvertWinError received an unrecognized WinError: 0x7b
JavaScript error: resource://gre/modules/ExtensionContent.jsm, line 575: TypeError: PrecompiledScript.executeInGlobal: Argument 1 is not an object.
JavaScript warning: moz-extension://421384df-a848-460c-bd0c-0c1ade74bdd2/abp-background.js, line 0: Successfully compiled asm.js code (total compilation time 1ms)
JavaScript warning: moz-extension://5d9feea7-91d6-4b56-bbad-fefd5be5dce7/background.js, line 0: Successfully compiled asm.js code (total compilation time 1ms)
JavaScript error: undefined, line 0: Error: can't access property "injectedStyleSheets", frame.state is undefined
console.warn: SearchSettings: "get: No settings file exists, new profile?" (new NotFoundError("Could not open the file at C:\\cygwin64\\tmp\\rust_mozprofile7p69lC\\search.json.mozlz4", (void 0)))
1623316395849	Marionette	INFO	Listening on port 64575
1623316396187	Marionette	WARN	TLS certificate errors will be ignored for this session
1623316421021	Marionette	WARN	Ignoring event 'pageshow' because document has an invalid readyState of 'interactive'.
1623316421022	Marionette	WARN	Ignoring event 'pageshow' because document has an invalid readyState of 'uninitialized'.
JavaScript error: resource://gre/modules/ConduitsChild.jsm, 1623316485547	mozrunner::runner	INFO	Running command: "C:\\Program Files\\Firefox Developer Edition\\firefox.exe" "--marionette" "user-agent=Mozilla/5.0 (Windows NT 6.3; rv:36.0) Gecko/20100101 Firefox/36.0" "-foreground" "-no-remote" "-profile" "C:\\cygwin64\\tmp\\rust_mozprofileM7TTTG"
1623316486354	Marionette	INFO	Marionette enabled
ConvertWinError received an unrecognized WinError: 0x7b
JavaScript error: resource://gre/modules/ExtensionContent.jsm, line 575: TypeError: PrecompiledScript.executeInGlobal: Argument 1 is not an object.
JavaScript error: resource://gre/modules/ExtensionContent.jsm, line 575: TypeError: PrecompiledScript.executeInGlobal: Argument 1 is not an object.
JavaScript error: resource://gre/modules/ExtensionContent.jsm, line 575: TypeError: PrecompiledScript.executeInGlobal: Argument 1 is not an object.
JavaScript warning: moz-extension://ecdb812c-fc48-4a2a-9b81-239dea97b1ed/abp-background.js, line 0: Successfully compiled asm.js code (total compilation time 12ms)
JavaScript warning: moz-extension://1ced131f-dc70-4619-b390-8f181be42bc9/background.js, line 0: Successfully compiled asm.js code (total compilation time 1ms)
JavaScript error: undefined, line 0: Error: can't access property "injectedStyleSheets", frame.state is undefined
console.warn: SearchSettings: "get: No settings file exists, new profile?" (new NotFoundError("Could not open the file at C:\\cygwin64\\tmp\\rust_mozprofileM7TTTG\\search.json.mozlz4", (void 0)))
1623316489428	Marionette	INFO	Listening on port 54550
1623316489721	Marionette	WARN	TLS certificate errors will be ignored for this session
1623316509730	Marionette	WARN	Ignoring event 'pageshow' because document has an invalid readyState of 'interactive'.
1623316509731	Marionette	WARN	Ignoring event 'pageshow' because document has an invalid readyState of 'uninitialized'.
JavaScript error: https://www.instagram.com/, line 56: TypeError: can't access property "push", window.__bufferedErrors is undefined
JavaScript error: https://www.instagram.com/, line 56: TypeError: can't access property "push", window.__bufferedErrors is undefined
console.warn: services.settings: main/doh-config Signature verified failed. Retry from scratch
console.warn: services.settings: main/doh-providers Signature verified failed. Retry from scratch
JavaScript error: resource://gre/modules/psm/RemoteSecuritySettings.jsm, line 735: NS_ERROR_ILLEGAL_VALUE: Component returned failure code: 0x80070057 (NS_ERROR_ILLEGAL_VALUE) [nsIXPCComponents_Utils.reportError]
JavaScript error: resource://gre/modules/ConduitsChild.jsm, 1623316910050	mozrunner::runner	INFO	Running command: "C:\\Program Files\\Firefox Developer Edition\\firefox.exe" "--marionette" "user-agent=Mozilla/5.0 (Windows NT 5.0; Windows NT 5.1; Windows NT 6.0; Windows NT 6.1; Linux; es-VE; rv:52.9.0) Gecko/20100101 Firefox/52.9.0" "-foreground" "-no-remote" "-profile" "C:\\cygwin64\\tmp\\rust_mozprofileUgEcET"
1623316910845	Marionette	INFO	Marionette enabled
ConvertWinError received an unrecognized WinError: 0x7b
JavaScript error: resource://gre/modules/ExtensionContent.jsm, line 575: TypeError: PrecompiledScript.executeInGlobal: Argument 1 is not an object.
JavaScript warning: moz-extension://68bef1f4-f687-48f5-8a24-9f887c47d902/abp-background.js, line 0: Successfully compiled asm.js code (total compilation time 1ms)
JavaScript warning: moz-extension://89829c0b-6af0-4c95-a22e-b100eda47efc/background.js, line 0: Successfully compiled asm.js code (total compilation time 1ms)
console.warn: SearchSettings: "get: No settings file exists, new profile?" (new NotFoundError("Could not open the file at C:\\cygwin64\\tmp\\rust_mozprofileUgEcET\\search.json.mozlz4", (void 0)))
1623316913567	Marionette	INFO	Listening on port 57539
1623316913737	Marionette	WARN	TLS certificate errors will be ignored for this session
JavaScript error: , line 0: uncaught exception: undefined
1623316931531	Marionette	WARN	Ignoring event 'pageshow' because document has an invalid readyState of 'interactive'.
1623316931532	Marionette	WARN	Ignoring event 'pageshow' because document has an invalid readyState of 'uninitialized'.
JavaScript error: https://www.instagram.com/, line 56: TypeError: can't access property "push", window.__bufferedErrors is undefined
JavaScript error: https://www.instagram.com/, line 56: TypeError: can't access property "push", window.__bufferedErrors is undefined
console.warn: services.settings: main/doh-config Signature verified failed. Retry from scratch
console.warn: services.settings: main/doh-providers Signature verified failed. Retry from scratch
